<?xml version="1.0" encoding="UTF-8"?>
<robot generator="Robot 7.0 (Python 3.10.14 on darwin)" generated="2024-05-23T00:55:16.681283" rpa="false" schemaversion="5">
<suite id="s1" name="Mfa" source="/Users/jg/Documents/NP/6-mfa/mfa.robot">
<kw name="New Browser" owner="Browser" type="SETUP">
<msg time="2024-05-23T00:55:18.024724" level="INFO">{"browser": "chromium", "headless": false, "chromiumSandbox": false, "devtools": false, "handleSIGHUP": true, "handleSIGINT": true, "handleSIGTERM": true, "slowMo": 0.0, "timeout": 30000.0, "tracesDir": "/Users/jg/Documents/NP/6-mfa/browser/traces/58a2c0bf-bc7e-4453-88ab-68c85379e857"}</msg>
<msg time="2024-05-23T00:55:18.548599" level="INFO">Successfully created browser with options: {"browser":"chromium","headless":false,"chromiumSandbox":false,"devtools":false,"handleSIGHUP":true,"handleSIGINT":true,"handleSIGTERM":true,"slowMo":0,"timeout":30000,"tracesDir":"/Users/jg/Documents/NP/6-mfa/browser/traces/58a2c0bf-bc7e-4453-88ab-68c85379e857"}</msg>
<arg>browser=${BROWSER}</arg>
<arg>headless=${HEADLESS}</arg>
<tag>BrowserControl</tag>
<tag>Setter</tag>
<doc>Create a new playwright Browser with specified options.</doc>
<status status="PASS" start="2024-05-23T00:55:18.024127" elapsed="0.524576"/>
</kw>
<test id="s1-t1" name="Login with MFA" line="14">
<kw name="New Context" owner="Browser" type="SETUP">
<msg time="2024-05-23T00:55:18.552889" level="INFO">{
  "acceptDownloads": true,
  "bypassCSP": false,
  "forcedColors": "none",
  "ignoreHTTPSErrors": false,
  "javaScriptEnabled": true,
  "offline": false,
  "reducedMotion": "no-preference",
  "serviceWorkers": "allow",
  "viewport": {
    "height": 720,
    "width": 1280
  }
}</msg>
<msg time="2024-05-23T00:55:18.579008" level="INFO">Successfully created context. </msg>
<msg time="2024-05-23T00:55:18.579057" level="INFO">{'acceptDownloads': True, 'bypassCSP': False, 'forcedColors': 'none', 'ignoreHTTPSErrors': False, 'javaScriptEnabled': True, 'offline': False, 'reducedMotion': 'no-preference', 'serviceWorkers': 'allow', 'viewport': {'height': 720, 'width': 1280}}</msg>
<tag>BrowserControl</tag>
<tag>Setter</tag>
<doc>Create a new BrowserContext with specified options.</doc>
<status status="PASS" start="2024-05-23T00:55:18.552565" elapsed="0.026552"/>
</kw>
<kw name="New Page" owner="Browser">
<msg time="2024-05-23T00:55:19.865484" level="INFO">Successfully initialized new page object and opened url: https://seleniumbase.io/realworld/login</msg>
<arg>https://seleniumbase.io/realworld/login</arg>
<tag>BrowserControl</tag>
<tag>Setter</tag>
<doc>Open a new Page.</doc>
<status status="PASS" start="2024-05-23T00:55:18.579306" elapsed="1.286368"/>
</kw>
<kw name="Fill Text" owner="Browser">
<msg time="2024-05-23T00:55:19.866274" level="INFO">Fills the text 'demo_user' in the given field.</msg>
<arg>id=username</arg>
<arg>demo_user</arg>
<tag>PageContent</tag>
<tag>Setter</tag>
<doc>Clears and fills the given ``txt`` into the text field found by ``selector``.</doc>
<status status="PASS" start="2024-05-23T00:55:19.865922" elapsed="0.021437"/>
</kw>
<kw name="Fill Text" owner="Browser">
<msg time="2024-05-23T00:55:19.888009" level="INFO">Fills the text 'secret_pass' in the given field.</msg>
<arg>id=password</arg>
<arg>secret_pass</arg>
<tag>PageContent</tag>
<tag>Setter</tag>
<doc>Clears and fills the given ``txt`` into the text field found by ``selector``.</doc>
<status status="PASS" start="2024-05-23T00:55:19.887570" elapsed="0.037184"/>
</kw>
<kw name="Get Totp" owner="totp">
<msg time="2024-05-23T00:55:19.925181" level="INFO">${totp} = 456283</msg>
<var>${totp}</var>
<arg>GAXG2MTEOR3DMMDG</arg>
<status status="PASS" start="2024-05-23T00:55:19.924962" elapsed="0.000236"/>
</kw>
<kw name="Fill Text" owner="Browser">
<msg time="2024-05-23T00:55:19.925577" level="INFO">Fills the text '456283' in the given field.</msg>
<arg>id=totpcode</arg>
<arg>${totp}</arg>
<tag>PageContent</tag>
<tag>Setter</tag>
<doc>Clears and fills the given ``txt`` into the text field found by ``selector``.</doc>
<status status="PASS" start="2024-05-23T00:55:19.925313" elapsed="0.006460"/>
</kw>
<kw name="Click" owner="Browser">
<msg time="2024-05-23T00:55:19.932270" level="INFO">Clicks the element '"Sign in"'.</msg>
<arg>"Sign in"</arg>
<tag>PageContent</tag>
<tag>Setter</tag>
<doc>Simulates mouse click on the element found by ``selector``.</doc>
<status status="PASS" start="2024-05-23T00:55:19.931991" elapsed="0.079909"/>
</kw>
<kw name="Get Text" owner="Browser">
<msg time="2024-05-23T00:55:20.046820" level="INFO">Text: 'Welcome!'</msg>
<arg>h1</arg>
<arg>==</arg>
<arg>Welcome!</arg>
<tag>Assertion</tag>
<tag>Getter</tag>
<tag>PageContent</tag>
<doc>Returns text attribute of the element found by ``selector``.</doc>
<status status="PASS" start="2024-05-23T00:55:20.012123" elapsed="0.034779"/>
</kw>
<kw name="Close Context" owner="Browser" type="TEARDOWN">
<msg time="2024-05-23T00:55:20.049102" level="INFO">Switching browser to CURRENT</msg>
<msg time="2024-05-23T00:55:20.050297" level="INFO">Returned active browser id. CURRENT</msg>
<msg time="2024-05-23T00:55:20.050357" level="INFO">Switching browser to browser=4e0d24d0-603f-4b00-9671-aa4c6a3a26a3</msg>
<msg time="2024-05-23T00:55:20.051503" level="INFO">Successfully changed active browser: browser=4e0d24d0-603f-4b00-9671-aa4c6a3a26a3</msg>
<msg time="2024-05-23T00:55:20.051563" level="INFO">Switching context to CURRENT in CURRENT</msg>
<msg time="2024-05-23T00:55:20.057083" level="INFO">Returned active context id: CURRENT</msg>
<msg time="2024-05-23T00:55:20.057604" level="INFO">Switching context to context=dfe11f9b-6097-4826-91ca-5edaa0b03934 in CURRENT</msg>
<msg time="2024-05-23T00:55:20.061298" level="INFO">Successfully changed active context: context=dfe11f9b-6097-4826-91ca-5edaa0b03934</msg>
<msg time="2024-05-23T00:55:20.149400" level="INFO">Successfully closed Context</msg>
<tag>BrowserControl</tag>
<tag>Setter</tag>
<doc>Closes a Context.</doc>
<status status="PASS" start="2024-05-23T00:55:20.047196" elapsed="0.102306"/>
</kw>
<status status="PASS" start="2024-05-23T00:55:18.548853" elapsed="1.600782"/>
</test>
<kw name="Close Browser" owner="Browser" type="TEARDOWN">
<msg time="2024-05-23T00:55:20.197339" level="INFO">Closed browser</msg>
<tag>BrowserControl</tag>
<tag>Setter</tag>
<doc>Closes the current browser.</doc>
<status status="PASS" start="2024-05-23T00:55:20.152798" elapsed="0.044649"/>
</kw>
<status status="PASS" start="2024-05-23T00:55:16.681908" elapsed="3.515606"/>
</suite>
<statistics>
<total>
<stat pass="1" fail="0" skip="0">All Tests</stat>
</total>
<tag>
</tag>
<suite>
<stat pass="1" fail="0" skip="0" id="s1" name="Mfa">Mfa</stat>
</suite>
</statistics>
<errors>
</errors>
</robot>
