<?xml version="1.0" encoding="UTF-8"?>
<robot generator="Robot 7.0 (Python 3.10.14 on darwin)" generated="2024-05-23T01:03:22.999370" rpa="false" schemaversion="5">
<suite id="s1" name="2-Other" source="/Users/jg/Documents/NP/6-mfa/2-other.robot">
<test id="s1-t1" name="My First Test" line="6">
<kw name="New Page" owner="Browser">
<msg time="2024-05-23T01:03:24.843667" level="INFO">Successfully initialized new page object and opened url: https://example.cypress.io</msg>
<msg time="2024-05-23T01:03:24.843728" level="INFO">No browser and context was open. New browser and context was automatically opened when page is created.</msg>
<arg>https://example.cypress.io</arg>
<tag>BrowserControl</tag>
<tag>Setter</tag>
<doc>Open a new Page.</doc>
<status status="PASS" start="2024-05-23T01:03:24.313263" elapsed="0.530559"/>
</kw>
<kw name="Click" owner="Browser">
<msg time="2024-05-23T01:03:24.844306" level="INFO">Clicks the element '"type"'.</msg>
<arg>"type"</arg>
<tag>PageContent</tag>
<tag>Setter</tag>
<doc>Simulates mouse click on the element found by ``selector``.</doc>
<status status="PASS" start="2024-05-23T01:03:24.844028" elapsed="0.103742"/>
</kw>
<kw name="Get Url" owner="Browser">
<arg>*=</arg>
<arg>/commands/actions</arg>
<tag>Assertion</tag>
<tag>Getter</tag>
<tag>PageContent</tag>
<doc>Returns the current URL.</doc>
<status status="PASS" start="2024-05-23T01:03:24.947982" elapsed="0.001571"/>
</kw>
<kw name="Type Text" owner="Browser">
<msg time="2024-05-23T01:03:24.949960" level="INFO">Types the text 'fake@email.com' in the given field.</msg>
<arg>.action-email</arg>
<arg>fake@email.com</arg>
<tag>PageContent</tag>
<tag>Setter</tag>
<doc>Types the given ``txt`` into the text field found by ``selector``.</doc>
<status status="PASS" start="2024-05-23T01:03:24.949714" elapsed="0.048293"/>
</kw>
<kw name="Get Text" owner="Browser">
<msg time="2024-05-23T01:03:25.010190" level="INFO">Text: 'fake@email.com'</msg>
<arg>.action-email</arg>
<arg>==</arg>
<arg>fake@email.com</arg>
<tag>Assertion</tag>
<tag>Getter</tag>
<tag>PageContent</tag>
<doc>Returns text attribute of the element found by ``selector``.</doc>
<status status="PASS" start="2024-05-23T01:03:24.998215" elapsed="0.012053"/>
</kw>
<doc>Gets, types and asserts</doc>
<status status="PASS" start="2024-05-23T01:03:24.311459" elapsed="0.698986"/>
</test>
<status status="PASS" start="2024-05-23T01:03:22.999938" elapsed="2.091013"/>
</suite>
<statistics>
<total>
<stat pass="1" fail="0" skip="0">All Tests</stat>
</total>
<tag>
</tag>
<suite>
<stat pass="1" fail="0" skip="0" id="s1" name="2-Other">2-Other</stat>
</suite>
</statistics>
<errors>
</errors>
</robot>
