<?xml version="1.0" encoding="UTF-8"?>
<robot generator="Robot 7.0 (Python 3.10.14 on darwin)" generated="2024-05-23T01:06:34.491198" rpa="false" schemaversion="5">
<suite id="s1" name="6-Mfa" source="/Users/jg/Documents/NP/6-mfa">
<suite id="s1-s1" name="4-Todomvc" source="/Users/jg/Documents/NP/6-mfa/4-todomvc.robot">
<kw name="New Browser" owner="Browser" type="SETUP">
<msg time="2024-05-23T01:06:35.837167" level="INFO">{"browser": "chromium", "headless": false, "chromiumSandbox": false, "devtools": false, "handleSIGHUP": true, "handleSIGINT": true, "handleSIGTERM": true, "slowMo": 0.0, "timeout": 30000.0, "tracesDir": "/Users/jg/Documents/NP/6-mfa/results/browser/traces/df33176a-080e-450c-b604-0a35b4b1bb29"}</msg>
<msg time="2024-05-23T01:06:36.142256" level="INFO">Successfully created browser with options: {"browser":"chromium","headless":false,"chromiumSandbox":false,"devtools":false,"handleSIGHUP":true,"handleSIGINT":true,"handleSIGTERM":true,"slowMo":0,"timeout":30000,"tracesDir":"/Users/jg/Documents/NP/6-mfa/results/browser/traces/df33176a-080e-450c-b604-0a35b4b1bb29"}</msg>
<arg>browser=${BROWSER}</arg>
<arg>headless=${HEADLESS}</arg>
<tag>BrowserControl</tag>
<tag>Setter</tag>
<doc>Create a new playwright Browser with specified options.</doc>
<status status="PASS" start="2024-05-23T01:06:35.836518" elapsed="0.306224"/>
</kw>
<test id="s1-s1-t1" name="Add Two ToDos And Check Items" line="14">
<kw name="New Context" owner="Browser" type="SETUP">
<msg time="2024-05-23T01:06:36.148426" level="INFO">{
  "acceptDownloads": true,
  "bypassCSP": false,
  "forcedColors": "none",
  "ignoreHTTPSErrors": false,
  "javaScriptEnabled": true,
  "offline": false,
  "reducedMotion": "no-preference",
  "serviceWorkers": "allow",
  "viewport": {
    "width": 1920,
    "height": 1080
  }
}</msg>
<msg time="2024-05-23T01:06:36.161794" level="INFO">Successfully created context. </msg>
<msg time="2024-05-23T01:06:36.161927" level="INFO">{'acceptDownloads': True, 'bypassCSP': False, 'forcedColors': 'none', 'ignoreHTTPSErrors': False, 'javaScriptEnabled': True, 'offline': False, 'reducedMotion': 'no-preference', 'serviceWorkers': 'allow', 'viewport': {'width': 1920, 'height': 1080}}</msg>
<arg>viewport={'width': 1920, 'height': 1080}</arg>
<tag>BrowserControl</tag>
<tag>Setter</tag>
<doc>Create a new BrowserContext with specified options.</doc>
<status status="PASS" start="2024-05-23T01:06:36.147879" elapsed="0.014153"/>
</kw>
<kw name="Given ToDo App is open">
<kw name="New Page" owner="Browser">
<msg time="2024-05-23T01:06:37.201281" level="INFO">Successfully initialized new page object and opened url: https://todomvc.com/examples/react/dist/</msg>
<arg>https://todomvc.com/examples/react/dist/</arg>
<tag>BrowserControl</tag>
<tag>Setter</tag>
<doc>Open a new Page.</doc>
<status status="PASS" start="2024-05-23T01:06:36.162786" elapsed="1.038922"/>
</kw>
<status status="PASS" start="2024-05-23T01:06:36.162514" elapsed="1.039631"/>
</kw>
<kw name="When I Add A New ToDo &quot;Learn Robot Framework&quot;" source_name="I Add A New ToDo &quot;${todo}&quot;">
<kw name="Fill Text" owner="Browser">
<msg time="2024-05-23T01:06:37.203996" level="INFO">Fills the text 'Learn Robot Framework' in the given field.</msg>
<arg>.new-todo</arg>
<arg>${todo}</arg>
<tag>PageContent</tag>
<tag>Setter</tag>
<doc>Clears and fills the given ``txt`` into the text field found by ``selector``.</doc>
<status status="PASS" start="2024-05-23T01:06:37.203616" elapsed="0.020694"/>
</kw>
<kw name="Press Keys" owner="Browser">
<arg>.new-todo</arg>
<arg>Enter</arg>
<tag>PageContent</tag>
<tag>Setter</tag>
<doc>Types the given key combination into element found by ``selector``.</doc>
<status status="PASS" start="2024-05-23T01:06:37.224515" elapsed="0.031274"/>
</kw>
<status status="PASS" start="2024-05-23T01:06:37.203074" elapsed="0.052868"/>
</kw>
<kw name="And I Add A New ToDo &quot;Write Test Cases&quot;" source_name="I Add A New ToDo &quot;${todo}&quot;">
<kw name="Fill Text" owner="Browser">
<msg time="2024-05-23T01:06:37.256733" level="INFO">Fills the text 'Write Test Cases' in the given field.</msg>
<arg>.new-todo</arg>
<arg>${todo}</arg>
<tag>PageContent</tag>
<tag>Setter</tag>
<doc>Clears and fills the given ``txt`` into the text field found by ``selector``.</doc>
<status status="PASS" start="2024-05-23T01:06:37.256440" elapsed="0.007129"/>
</kw>
<kw name="Press Keys" owner="Browser">
<arg>.new-todo</arg>
<arg>Enter</arg>
<tag>PageContent</tag>
<tag>Setter</tag>
<doc>Types the given key combination into element found by ``selector``.</doc>
<status status="PASS" start="2024-05-23T01:06:37.263757" elapsed="0.004920"/>
</kw>
<status status="PASS" start="2024-05-23T01:06:37.256171" elapsed="0.012652"/>
</kw>
<kw name="Then Open ToDos should show &quot;2 items left!&quot;" source_name="Open ToDos should show &quot;${text}&quot;">
<kw name="Get Text" owner="Browser">
<msg time="2024-05-23T01:06:37.281169" level="INFO">Text: '2 items left!'</msg>
<arg>span.todo-count</arg>
<arg>==</arg>
<arg>${text}</arg>
<tag>Assertion</tag>
<tag>Getter</tag>
<tag>PageContent</tag>
<doc>Returns text attribute of the element found by ``selector``.</doc>
<status status="PASS" start="2024-05-23T01:06:37.269299" elapsed="0.012023"/>
</kw>
<status status="PASS" start="2024-05-23T01:06:37.269043" elapsed="0.012420"/>
</kw>
<kw name="Close Context" owner="Browser" type="TEARDOWN">
<msg time="2024-05-23T01:06:37.284136" level="INFO">Switching browser to CURRENT</msg>
<msg time="2024-05-23T01:06:37.285470" level="INFO">Returned active browser id. CURRENT</msg>
<msg time="2024-05-23T01:06:37.285582" level="INFO">Switching browser to browser=fd01b9b2-7461-4305-886b-5d8d41f920b2</msg>
<msg time="2024-05-23T01:06:37.286691" level="INFO">Successfully changed active browser: browser=fd01b9b2-7461-4305-886b-5d8d41f920b2</msg>
<msg time="2024-05-23T01:06:37.286799" level="INFO">Switching context to CURRENT in CURRENT</msg>
<msg time="2024-05-23T01:06:37.289383" level="INFO">Returned active context id: CURRENT</msg>
<msg time="2024-05-23T01:06:37.289904" level="INFO">Switching context to context=efb41702-6c83-46ee-8322-eb965978dfb2 in CURRENT</msg>
<msg time="2024-05-23T01:06:37.347565" level="INFO">Successfully changed active context: context=efb41702-6c83-46ee-8322-eb965978dfb2</msg>
<msg time="2024-05-23T01:06:37.440998" level="INFO">Successfully closed Context</msg>
<tag>BrowserControl</tag>
<tag>Setter</tag>
<doc>Closes a Context.</doc>
<status status="PASS" start="2024-05-23T01:06:37.281954" elapsed="0.159345"/>
</kw>
<doc>Checks if ToDos can be added and ToDo count increases</doc>
<tag>Add ToDo</tag>
<status status="PASS" start="2024-05-23T01:06:36.143613" elapsed="1.298027"/>
</test>
<test id="s1-s1-t2" name="Add Two ToDos And Check Wrong Number Of Items" line="22">
<kw name="New Context" owner="Browser" type="SETUP">
<msg time="2024-05-23T01:06:37.452515" level="INFO">{
  "acceptDownloads": true,
  "bypassCSP": false,
  "forcedColors": "none",
  "ignoreHTTPSErrors": false,
  "javaScriptEnabled": true,
  "offline": false,
  "reducedMotion": "no-preference",
  "serviceWorkers": "allow",
  "viewport": {
    "width": 1920,
    "height": 1080
  }
}</msg>
<msg time="2024-05-23T01:06:37.458072" level="INFO">Successfully created context. </msg>
<msg time="2024-05-23T01:06:37.458222" level="INFO">{'acceptDownloads': True, 'bypassCSP': False, 'forcedColors': 'none', 'ignoreHTTPSErrors': False, 'javaScriptEnabled': True, 'offline': False, 'reducedMotion': 'no-preference', 'serviceWorkers': 'allow', 'viewport': {'width': 1920, 'height': 1080}}</msg>
<arg>viewport={'width': 1920, 'height': 1080}</arg>
<tag>BrowserControl</tag>
<tag>Setter</tag>
<doc>Create a new BrowserContext with specified options.</doc>
<status status="PASS" start="2024-05-23T01:06:37.451739" elapsed="0.006687"/>
</kw>
<kw name="Given ToDo App is open">
<kw name="New Page" owner="Browser">
<msg time="2024-05-23T01:06:37.741111" level="INFO">Successfully initialized new page object and opened url: https://todomvc.com/examples/react/dist/</msg>
<arg>https://todomvc.com/examples/react/dist/</arg>
<tag>BrowserControl</tag>
<tag>Setter</tag>
<doc>Open a new Page.</doc>
<status status="PASS" start="2024-05-23T01:06:37.459168" elapsed="0.282370"/>
</kw>
<status status="PASS" start="2024-05-23T01:06:37.458786" elapsed="0.283075"/>
</kw>
<kw name="When I Add A New ToDo &quot;Learn Robot Framework&quot;" source_name="I Add A New ToDo &quot;${todo}&quot;">
<kw name="Fill Text" owner="Browser">
<msg time="2024-05-23T01:06:37.743946" level="INFO">Fills the text 'Learn Robot Framework' in the given field.</msg>
<arg>.new-todo</arg>
<arg>${todo}</arg>
<tag>PageContent</tag>
<tag>Setter</tag>
<doc>Clears and fills the given ``txt`` into the text field found by ``selector``.</doc>
<status status="PASS" start="2024-05-23T01:06:37.743478" elapsed="0.022042"/>
</kw>
<kw name="Press Keys" owner="Browser">
<arg>.new-todo</arg>
<arg>Enter</arg>
<tag>PageContent</tag>
<tag>Setter</tag>
<doc>Types the given key combination into element found by ``selector``.</doc>
<status status="PASS" start="2024-05-23T01:06:37.765855" elapsed="0.029174"/>
</kw>
<status status="PASS" start="2024-05-23T01:06:37.742827" elapsed="0.052948"/>
</kw>
<kw name="And I Add A New ToDo &quot;Write Test Cases&quot;" source_name="I Add A New ToDo &quot;${todo}&quot;">
<kw name="Fill Text" owner="Browser">
<msg time="2024-05-23T01:06:37.796745" level="INFO">Fills the text 'Write Test Cases' in the given field.</msg>
<arg>.new-todo</arg>
<arg>${todo}</arg>
<tag>PageContent</tag>
<tag>Setter</tag>
<doc>Clears and fills the given ``txt`` into the text field found by ``selector``.</doc>
<status status="PASS" start="2024-05-23T01:06:37.796420" elapsed="0.005385"/>
</kw>
<kw name="Press Keys" owner="Browser">
<arg>.new-todo</arg>
<arg>Enter</arg>
<tag>PageContent</tag>
<tag>Setter</tag>
<doc>Types the given key combination into element found by ``selector``.</doc>
<status status="PASS" start="2024-05-23T01:06:37.801999" elapsed="0.005977"/>
</kw>
<status status="PASS" start="2024-05-23T01:06:37.796101" elapsed="0.012023"/>
</kw>
<kw name="Then Open ToDos should show &quot;2 items left!&quot;" source_name="Open ToDos should show &quot;${text}&quot;">
<kw name="Get Text" owner="Browser">
<msg time="2024-05-23T01:06:37.818706" level="INFO">Text: '2 items left!'</msg>
<arg>span.todo-count</arg>
<arg>==</arg>
<arg>${text}</arg>
<tag>Assertion</tag>
<tag>Getter</tag>
<tag>PageContent</tag>
<doc>Returns text attribute of the element found by ``selector``.</doc>
<status status="PASS" start="2024-05-23T01:06:37.808689" elapsed="0.010184"/>
</kw>
<status status="PASS" start="2024-05-23T01:06:37.808377" elapsed="0.010675"/>
</kw>
<kw name="Close Context" owner="Browser" type="TEARDOWN">
<msg time="2024-05-23T01:06:37.822105" level="INFO">Switching browser to CURRENT</msg>
<msg time="2024-05-23T01:06:37.823140" level="INFO">Returned active browser id. CURRENT</msg>
<msg time="2024-05-23T01:06:37.823257" level="INFO">Switching browser to browser=fd01b9b2-7461-4305-886b-5d8d41f920b2</msg>
<msg time="2024-05-23T01:06:37.824259" level="INFO">Successfully changed active browser: browser=fd01b9b2-7461-4305-886b-5d8d41f920b2</msg>
<msg time="2024-05-23T01:06:37.824348" level="INFO">Switching context to CURRENT in CURRENT</msg>
<msg time="2024-05-23T01:06:37.832348" level="INFO">Returned active context id: CURRENT</msg>
<msg time="2024-05-23T01:06:37.832834" level="INFO">Switching context to context=0692e24f-2532-4d7e-8bdf-6bfe8e956db7 in CURRENT</msg>
<msg time="2024-05-23T01:06:37.836237" level="INFO">Successfully changed active context: context=0692e24f-2532-4d7e-8bdf-6bfe8e956db7</msg>
<msg time="2024-05-23T01:06:37.846594" level="INFO">Successfully closed Context</msg>
<tag>BrowserControl</tag>
<tag>Setter</tag>
<doc>Closes a Context.</doc>
<status status="PASS" start="2024-05-23T01:06:37.819524" elapsed="0.027297"/>
</kw>
<doc>Checks if ToDos can be added and ToDo count increases</doc>
<tag>Add ToDo</tag>
<status status="PASS" start="2024-05-23T01:06:37.448410" elapsed="0.398726"/>
</test>
<test id="s1-s1-t3" name="Add ToDo And Mark Same ToDo" line="30">
<kw name="New Context" owner="Browser" type="SETUP">
<msg time="2024-05-23T01:06:37.852122" level="INFO">{
  "acceptDownloads": true,
  "bypassCSP": false,
  "forcedColors": "none",
  "ignoreHTTPSErrors": false,
  "javaScriptEnabled": true,
  "offline": false,
  "reducedMotion": "no-preference",
  "serviceWorkers": "allow",
  "viewport": {
    "width": 1920,
    "height": 1080
  }
}</msg>
<msg time="2024-05-23T01:06:37.856232" level="INFO">Successfully created context. </msg>
<msg time="2024-05-23T01:06:37.856327" level="INFO">{'acceptDownloads': True, 'bypassCSP': False, 'forcedColors': 'none', 'ignoreHTTPSErrors': False, 'javaScriptEnabled': True, 'offline': False, 'reducedMotion': 'no-preference', 'serviceWorkers': 'allow', 'viewport': {'width': 1920, 'height': 1080}}</msg>
<arg>viewport={'width': 1920, 'height': 1080}</arg>
<tag>BrowserControl</tag>
<tag>Setter</tag>
<doc>Create a new BrowserContext with specified options.</doc>
<status status="PASS" start="2024-05-23T01:06:37.851680" elapsed="0.004733"/>
</kw>
<kw name="Given ToDo App is open">
<kw name="New Page" owner="Browser">
<msg time="2024-05-23T01:06:38.117782" level="INFO">Successfully initialized new page object and opened url: https://todomvc.com/examples/react/dist/</msg>
<arg>https://todomvc.com/examples/react/dist/</arg>
<tag>BrowserControl</tag>
<tag>Setter</tag>
<doc>Open a new Page.</doc>
<status status="PASS" start="2024-05-23T01:06:37.857066" elapsed="0.261143"/>
</kw>
<status status="PASS" start="2024-05-23T01:06:37.856697" elapsed="0.261725"/>
</kw>
<kw name="When I Add A New ToDo &quot;Learn Robot Framework&quot;" source_name="I Add A New ToDo &quot;${todo}&quot;">
<kw name="Fill Text" owner="Browser">
<msg time="2024-05-23T01:06:38.120661" level="INFO">Fills the text 'Learn Robot Framework' in the given field.</msg>
<arg>.new-todo</arg>
<arg>${todo}</arg>
<tag>PageContent</tag>
<tag>Setter</tag>
<doc>Clears and fills the given ``txt`` into the text field found by ``selector``.</doc>
<status status="PASS" start="2024-05-23T01:06:38.120067" elapsed="0.015886"/>
</kw>
<kw name="Press Keys" owner="Browser">
<arg>.new-todo</arg>
<arg>Enter</arg>
<tag>PageContent</tag>
<tag>Setter</tag>
<doc>Types the given key combination into element found by ``selector``.</doc>
<status status="PASS" start="2024-05-23T01:06:38.136466" elapsed="0.026857"/>
</kw>
<status status="PASS" start="2024-05-23T01:06:38.119096" elapsed="0.044593"/>
</kw>
<kw name="And I Mark ToDo &quot;Learn Robot Framework&quot;" source_name="I Mark ToDo &quot;${todo}&quot;">
<kw name="Click" owner="Browser">
<msg time="2024-05-23T01:06:38.164792" level="INFO">Clicks the element '"Learn Robot Framework" &gt;&gt; .. &gt;&gt; input.toggle'.</msg>
<arg>"${todo}" &gt;&gt; .. &gt;&gt; input.toggle</arg>
<tag>PageContent</tag>
<tag>Setter</tag>
<doc>Simulates mouse click on the element found by ``selector``.</doc>
<status status="PASS" start="2024-05-23T01:06:38.164473" elapsed="0.045881"/>
</kw>
<status status="PASS" start="2024-05-23T01:06:38.164162" elapsed="0.046379"/>
</kw>
<kw name="Then Open ToDos should show &quot;0 items left!&quot;" source_name="Open ToDos should show &quot;${text}&quot;">
<kw name="Get Text" owner="Browser">
<msg time="2024-05-23T01:06:38.220044" level="INFO">Text: '0 items left!'</msg>
<arg>span.todo-count</arg>
<arg>==</arg>
<arg>${text}</arg>
<tag>Assertion</tag>
<tag>Getter</tag>
<tag>PageContent</tag>
<doc>Returns text attribute of the element found by ``selector``.</doc>
<status status="PASS" start="2024-05-23T01:06:38.211094" elapsed="0.009102"/>
</kw>
<status status="PASS" start="2024-05-23T01:06:38.210805" elapsed="0.009504"/>
</kw>
<kw name="Close Context" owner="Browser" type="TEARDOWN">
<msg time="2024-05-23T01:06:38.253689" level="INFO">Switching browser to CURRENT</msg>
<msg time="2024-05-23T01:06:38.255487" level="INFO">Returned active browser id. CURRENT</msg>
<msg time="2024-05-23T01:06:38.255651" level="INFO">Switching browser to browser=fd01b9b2-7461-4305-886b-5d8d41f920b2</msg>
<msg time="2024-05-23T01:06:38.257083" level="INFO">Successfully changed active browser: browser=fd01b9b2-7461-4305-886b-5d8d41f920b2</msg>
<msg time="2024-05-23T01:06:38.257209" level="INFO">Switching context to CURRENT in CURRENT</msg>
<msg time="2024-05-23T01:06:38.309934" level="INFO">Returned active context id: CURRENT</msg>
<msg time="2024-05-23T01:06:38.310476" level="INFO">Switching context to context=598b37ea-e79a-4a3f-8d38-1390c8205b69 in CURRENT</msg>
<msg time="2024-05-23T01:06:38.365826" level="INFO">Successfully changed active context: context=598b37ea-e79a-4a3f-8d38-1390c8205b69</msg>
<msg time="2024-05-23T01:06:38.572813" level="INFO">Successfully closed Context</msg>
<tag>BrowserControl</tag>
<tag>Setter</tag>
<doc>Closes a Context.</doc>
<status status="PASS" start="2024-05-23T01:06:38.220638" elapsed="0.352356"/>
</kw>
<tag>Mark ToDo</tag>
<status status="PASS" start="2024-05-23T01:06:37.850390" elapsed="0.722838"/>
</test>
<test id="s1-s1-t4" name="Check If Marked ToDos are removed" line="37">
<kw name="New Context" owner="Browser" type="SETUP">
<msg time="2024-05-23T01:06:38.578023" level="INFO">{
  "acceptDownloads": true,
  "bypassCSP": false,
  "forcedColors": "none",
  "ignoreHTTPSErrors": false,
  "javaScriptEnabled": true,
  "offline": false,
  "reducedMotion": "no-preference",
  "serviceWorkers": "allow",
  "viewport": {
    "width": 1920,
    "height": 1080
  }
}</msg>
<msg time="2024-05-23T01:06:38.581951" level="INFO">Successfully created context. </msg>
<msg time="2024-05-23T01:06:38.582023" level="INFO">{'acceptDownloads': True, 'bypassCSP': False, 'forcedColors': 'none', 'ignoreHTTPSErrors': False, 'javaScriptEnabled': True, 'offline': False, 'reducedMotion': 'no-preference', 'serviceWorkers': 'allow', 'viewport': {'width': 1920, 'height': 1080}}</msg>
<arg>viewport={'width': 1920, 'height': 1080}</arg>
<tag>BrowserControl</tag>
<tag>Setter</tag>
<doc>Create a new BrowserContext with specified options.</doc>
<status status="PASS" start="2024-05-23T01:06:38.577525" elapsed="0.004584"/>
</kw>
<kw name="Given ToDo App is open">
<kw name="New Page" owner="Browser">
<msg time="2024-05-23T01:06:38.839191" level="INFO">Successfully initialized new page object and opened url: https://todomvc.com/examples/react/dist/</msg>
<arg>https://todomvc.com/examples/react/dist/</arg>
<tag>BrowserControl</tag>
<tag>Setter</tag>
<doc>Open a new Page.</doc>
<status status="PASS" start="2024-05-23T01:06:38.582640" elapsed="0.256804"/>
</kw>
<status status="PASS" start="2024-05-23T01:06:38.582372" elapsed="0.257232"/>
</kw>
<kw name="And I Added Two ToDos">
<kw name="I Add A New ToDo &quot;Learn Robot Framework&quot;" source_name="I Add A New ToDo &quot;${todo}&quot;">
<kw name="Fill Text" owner="Browser">
<msg time="2024-05-23T01:06:38.841680" level="INFO">Fills the text 'Learn Robot Framework' in the given field.</msg>
<arg>.new-todo</arg>
<arg>${todo}</arg>
<tag>PageContent</tag>
<tag>Setter</tag>
<doc>Clears and fills the given ``txt`` into the text field found by ``selector``.</doc>
<status status="PASS" start="2024-05-23T01:06:38.841305" elapsed="0.015508"/>
</kw>
<kw name="Press Keys" owner="Browser">
<arg>.new-todo</arg>
<arg>Enter</arg>
<tag>PageContent</tag>
<tag>Setter</tag>
<doc>Types the given key combination into element found by ``selector``.</doc>
<status status="PASS" start="2024-05-23T01:06:38.857010" elapsed="0.026089"/>
</kw>
<status status="PASS" start="2024-05-23T01:06:38.841000" elapsed="0.042288"/>
</kw>
<kw name="I Add A New ToDo &quot;Write Test Cases&quot;" source_name="I Add A New ToDo &quot;${todo}&quot;">
<kw name="Fill Text" owner="Browser">
<msg time="2024-05-23T01:06:38.884167" level="INFO">Fills the text 'Write Test Cases' in the given field.</msg>
<arg>.new-todo</arg>
<arg>${todo}</arg>
<tag>PageContent</tag>
<tag>Setter</tag>
<doc>Clears and fills the given ``txt`` into the text field found by ``selector``.</doc>
<status status="PASS" start="2024-05-23T01:06:38.883783" elapsed="0.004810"/>
</kw>
<kw name="Press Keys" owner="Browser">
<arg>.new-todo</arg>
<arg>Enter</arg>
<tag>PageContent</tag>
<tag>Setter</tag>
<doc>Types the given key combination into element found by ``selector``.</doc>
<status status="PASS" start="2024-05-23T01:06:38.888746" elapsed="0.003900"/>
</kw>
<status status="PASS" start="2024-05-23T01:06:38.883451" elapsed="0.009295"/>
</kw>
<status status="PASS" start="2024-05-23T01:06:38.840348" elapsed="0.052458"/>
</kw>
<kw name="When I Mark One ToDo">
<kw name="Click" owner="Browser">
<msg time="2024-05-23T01:06:38.893426" level="INFO">Clicks the element 'li:first-child &gt;&gt; input.toggle'.</msg>
<arg>li:first-child &gt;&gt; input.toggle</arg>
<tag>PageContent</tag>
<tag>Setter</tag>
<doc>Simulates mouse click on the element found by ``selector``.</doc>
<status status="PASS" start="2024-05-23T01:06:38.893204" elapsed="0.031793"/>
</kw>
<status status="PASS" start="2024-05-23T01:06:38.892995" elapsed="0.032164"/>
</kw>
<kw name="Then Open ToDos should show &quot;1 item left!&quot;" source_name="Open ToDos should show &quot;${text}&quot;">
<kw name="Get Text" owner="Browser">
<msg time="2024-05-23T01:06:38.934779" level="INFO">Text: '1 item left!'</msg>
<arg>span.todo-count</arg>
<arg>==</arg>
<arg>${text}</arg>
<tag>Assertion</tag>
<tag>Getter</tag>
<tag>PageContent</tag>
<doc>Returns text attribute of the element found by ``selector``.</doc>
<status status="PASS" start="2024-05-23T01:06:38.925690" elapsed="0.009229"/>
</kw>
<status status="PASS" start="2024-05-23T01:06:38.925406" elapsed="0.009622"/>
</kw>
<kw name="Close Context" owner="Browser" type="TEARDOWN">
<msg time="2024-05-23T01:06:38.970011" level="INFO">Switching browser to CURRENT</msg>
<msg time="2024-05-23T01:06:38.971420" level="INFO">Returned active browser id. CURRENT</msg>
<msg time="2024-05-23T01:06:38.971583" level="INFO">Switching browser to browser=fd01b9b2-7461-4305-886b-5d8d41f920b2</msg>
<msg time="2024-05-23T01:06:38.972866" level="INFO">Successfully changed active browser: browser=fd01b9b2-7461-4305-886b-5d8d41f920b2</msg>
<msg time="2024-05-23T01:06:38.972993" level="INFO">Switching context to CURRENT in CURRENT</msg>
<msg time="2024-05-23T01:06:38.974613" level="INFO">Returned active context id: CURRENT</msg>
<msg time="2024-05-23T01:06:38.975024" level="INFO">Switching context to context=7d6f41b3-bfa5-4eb5-b937-f723e2d7e205 in CURRENT</msg>
<msg time="2024-05-23T01:06:38.980606" level="INFO">Successfully changed active context: context=7d6f41b3-bfa5-4eb5-b937-f723e2d7e205</msg>
<msg time="2024-05-23T01:06:38.989517" level="INFO">Successfully closed Context</msg>
<tag>BrowserControl</tag>
<tag>Setter</tag>
<doc>Closes a Context.</doc>
<status status="PASS" start="2024-05-23T01:06:38.935312" elapsed="0.054391"/>
</kw>
<status status="PASS" start="2024-05-23T01:06:38.575884" elapsed="0.414052"/>
</test>
<test id="s1-s1-t5" name="Split ToDos" line="43">
<kw name="New Context" owner="Browser" type="SETUP">
<msg time="2024-05-23T01:06:38.995188" level="INFO">{
  "acceptDownloads": true,
  "bypassCSP": false,
  "forcedColors": "none",
  "ignoreHTTPSErrors": false,
  "javaScriptEnabled": true,
  "offline": false,
  "reducedMotion": "no-preference",
  "serviceWorkers": "allow",
  "viewport": {
    "width": 1920,
    "height": 1080
  }
}</msg>
<msg time="2024-05-23T01:06:38.999421" level="INFO">Successfully created context. </msg>
<msg time="2024-05-23T01:06:38.999494" level="INFO">{'acceptDownloads': True, 'bypassCSP': False, 'forcedColors': 'none', 'ignoreHTTPSErrors': False, 'javaScriptEnabled': True, 'offline': False, 'reducedMotion': 'no-preference', 'serviceWorkers': 'allow', 'viewport': {'width': 1920, 'height': 1080}}</msg>
<arg>viewport={'width': 1920, 'height': 1080}</arg>
<tag>BrowserControl</tag>
<tag>Setter</tag>
<doc>Create a new BrowserContext with specified options.</doc>
<status status="PASS" start="2024-05-23T01:06:38.994337" elapsed="0.005242"/>
</kw>
<kw name="Given ToDo App is open">
<kw name="New Page" owner="Browser">
<msg time="2024-05-23T01:06:39.253122" level="INFO">Successfully initialized new page object and opened url: https://todomvc.com/examples/react/dist/</msg>
<arg>https://todomvc.com/examples/react/dist/</arg>
<tag>BrowserControl</tag>
<tag>Setter</tag>
<doc>Open a new Page.</doc>
<status status="PASS" start="2024-05-23T01:06:39.000178" elapsed="0.253544"/>
</kw>
<status status="PASS" start="2024-05-23T01:06:38.999867" elapsed="0.254421"/>
</kw>
<kw name="When I Add New ToDos &quot;Learn Robot Framework&amp;Write Test Cases&amp;Sleep&quot;" source_name="I Add New ToDos &quot;${todo}&quot;">
<if>
<branch type="IF" condition="&quot;&amp;&quot; in $todo">
<kw name="Split String" owner="String">
<msg time="2024-05-23T01:06:39.257272" level="INFO">@{todos} = [ Learn Robot Framework | Write Test Cases | Sleep ]</msg>
<var>@{todos}</var>
<arg>${todo}</arg>
<arg>separator=&amp;</arg>
<doc>Splits the ``string`` using ``separator`` as a delimiter string.</doc>
<status status="PASS" start="2024-05-23T01:06:39.257070" elapsed="0.000272"/>
</kw>
<for flavor="IN">
<iter>
<kw name="Fill Text" owner="Browser">
<msg time="2024-05-23T01:06:39.257981" level="INFO">Fills the text 'Learn Robot Framework' in the given field.</msg>
<arg>.new-todo</arg>
<arg>${item}</arg>
<tag>PageContent</tag>
<tag>Setter</tag>
<doc>Clears and fills the given ``txt`` into the text field found by ``selector``.</doc>
<status status="PASS" start="2024-05-23T01:06:39.257640" elapsed="0.015620"/>
</kw>
<kw name="Press Keys" owner="Browser">
<arg>.new-todo</arg>
<arg>Enter</arg>
<tag>PageContent</tag>
<tag>Setter</tag>
<doc>Types the given key combination into element found by ``selector``.</doc>
<status status="PASS" start="2024-05-23T01:06:39.273459" elapsed="0.025187"/>
</kw>
<var name="${item}">Learn Robot Framework</var>
<status status="PASS" start="2024-05-23T01:06:39.257545" elapsed="0.041291"/>
</iter>
<iter>
<kw name="Fill Text" owner="Browser">
<msg time="2024-05-23T01:06:39.299449" level="INFO">Fills the text 'Write Test Cases' in the given field.</msg>
<arg>.new-todo</arg>
<arg>${item}</arg>
<tag>PageContent</tag>
<tag>Setter</tag>
<doc>Clears and fills the given ``txt`` into the text field found by ``selector``.</doc>
<status status="PASS" start="2024-05-23T01:06:39.299120" elapsed="0.004791"/>
</kw>
<kw name="Press Keys" owner="Browser">
<arg>.new-todo</arg>
<arg>Enter</arg>
<tag>PageContent</tag>
<tag>Setter</tag>
<doc>Types the given key combination into element found by ``selector``.</doc>
<status status="PASS" start="2024-05-23T01:06:39.304121" elapsed="0.004819"/>
</kw>
<var name="${item}">Write Test Cases</var>
<status status="PASS" start="2024-05-23T01:06:39.298958" elapsed="0.010085"/>
</iter>
<iter>
<kw name="Fill Text" owner="Browser">
<msg time="2024-05-23T01:06:39.309571" level="INFO">Fills the text 'Sleep' in the given field.</msg>
<arg>.new-todo</arg>
<arg>${item}</arg>
<tag>PageContent</tag>
<tag>Setter</tag>
<doc>Clears and fills the given ``txt`` into the text field found by ``selector``.</doc>
<status status="PASS" start="2024-05-23T01:06:39.309277" elapsed="0.004663"/>
</kw>
<kw name="Press Keys" owner="Browser">
<arg>.new-todo</arg>
<arg>Enter</arg>
<tag>PageContent</tag>
<tag>Setter</tag>
<doc>Types the given key combination into element found by ``selector``.</doc>
<status status="PASS" start="2024-05-23T01:06:39.314164" elapsed="0.004376"/>
</kw>
<var name="${item}">Sleep</var>
<status status="PASS" start="2024-05-23T01:06:39.309145" elapsed="0.009524"/>
</iter>
<var>${item}</var>
<value>@{todos}</value>
<status status="PASS" start="2024-05-23T01:06:39.257425" elapsed="0.061294"/>
</for>
<status status="PASS" start="2024-05-23T01:06:39.255187" elapsed="0.063592"/>
</branch>
<branch type="ELSE">
<kw name="Fill Text" owner="Browser">
<arg>.new-todo</arg>
<arg>${todo}</arg>
<tag>PageContent</tag>
<tag>Setter</tag>
<doc>Clears and fills the given ``txt`` into the text field found by ``selector``.</doc>
<status status="NOT RUN" start="2024-05-23T01:06:39.319333" elapsed="0.000494"/>
</kw>
<kw name="Press Keys" owner="Browser">
<arg>.new-todo</arg>
<arg>Enter</arg>
<tag>PageContent</tag>
<tag>Setter</tag>
<doc>Types the given key combination into element found by ``selector``.</doc>
<status status="NOT RUN" start="2024-05-23T01:06:39.320128" elapsed="0.000160"/>
</kw>
<status status="NOT RUN" start="2024-05-23T01:06:39.318964" elapsed="0.001394"/>
</branch>
<status status="PASS" start="2024-05-23T01:06:39.255162" elapsed="0.065229"/>
</if>
<status status="PASS" start="2024-05-23T01:06:39.254720" elapsed="0.065722"/>
</kw>
<kw name="Then Open ToDos should show &quot;3 items left!&quot;" source_name="Open ToDos should show &quot;${text}&quot;">
<kw name="Get Text" owner="Browser">
<msg time="2024-05-23T01:06:39.331322" level="INFO">Text: '3 items left!'</msg>
<arg>span.todo-count</arg>
<arg>==</arg>
<arg>${text}</arg>
<tag>Assertion</tag>
<tag>Getter</tag>
<tag>PageContent</tag>
<doc>Returns text attribute of the element found by ``selector``.</doc>
<status status="PASS" start="2024-05-23T01:06:39.321001" elapsed="0.010476"/>
</kw>
<status status="PASS" start="2024-05-23T01:06:39.320703" elapsed="0.010909"/>
</kw>
<kw name="Close Context" owner="Browser" type="TEARDOWN">
<msg time="2024-05-23T01:06:39.334085" level="INFO">Switching browser to CURRENT</msg>
<msg time="2024-05-23T01:06:39.335250" level="INFO">Returned active browser id. CURRENT</msg>
<msg time="2024-05-23T01:06:39.335352" level="INFO">Switching browser to browser=fd01b9b2-7461-4305-886b-5d8d41f920b2</msg>
<msg time="2024-05-23T01:06:39.336397" level="INFO">Successfully changed active browser: browser=fd01b9b2-7461-4305-886b-5d8d41f920b2</msg>
<msg time="2024-05-23T01:06:39.336493" level="INFO">Switching context to CURRENT in CURRENT</msg>
<msg time="2024-05-23T01:06:39.338358" level="INFO">Returned active context id: CURRENT</msg>
<msg time="2024-05-23T01:06:39.338761" level="INFO">Switching context to context=9db1e4ed-3035-45a3-9a73-09bdb24bd6e8 in CURRENT</msg>
<msg time="2024-05-23T01:06:39.341770" level="INFO">Successfully changed active context: context=9db1e4ed-3035-45a3-9a73-09bdb24bd6e8</msg>
<msg time="2024-05-23T01:06:39.412403" level="INFO">Successfully closed Context</msg>
<tag>BrowserControl</tag>
<tag>Setter</tag>
<doc>Closes a Context.</doc>
<status status="PASS" start="2024-05-23T01:06:39.332017" elapsed="0.080676"/>
</kw>
<status status="PASS" start="2024-05-23T01:06:38.992971" elapsed="0.420099"/>
</test>
<test id="s1-s1-t6" name="Add A Lot Of Todos" line="48">
<kw name="New Context" owner="Browser" type="SETUP">
<msg time="2024-05-23T01:06:39.421046" level="INFO">{
  "acceptDownloads": true,
  "bypassCSP": false,
  "forcedColors": "none",
  "ignoreHTTPSErrors": false,
  "javaScriptEnabled": true,
  "offline": false,
  "reducedMotion": "no-preference",
  "serviceWorkers": "allow",
  "viewport": {
    "width": 1920,
    "height": 1080
  }
}</msg>
<msg time="2024-05-23T01:06:39.426628" level="INFO">Successfully created context. </msg>
<msg time="2024-05-23T01:06:39.426901" level="INFO">{'acceptDownloads': True, 'bypassCSP': False, 'forcedColors': 'none', 'ignoreHTTPSErrors': False, 'javaScriptEnabled': True, 'offline': False, 'reducedMotion': 'no-preference', 'serviceWorkers': 'allow', 'viewport': {'width': 1920, 'height': 1080}}</msg>
<arg>viewport={'width': 1920, 'height': 1080}</arg>
<tag>BrowserControl</tag>
<tag>Setter</tag>
<doc>Create a new BrowserContext with specified options.</doc>
<status status="PASS" start="2024-05-23T01:06:39.420545" elapsed="0.006576"/>
</kw>
<kw name="Given ToDo App is open">
<kw name="New Page" owner="Browser">
<msg time="2024-05-23T01:06:39.681607" level="INFO">Successfully initialized new page object and opened url: https://todomvc.com/examples/react/dist/</msg>
<arg>https://todomvc.com/examples/react/dist/</arg>
<tag>BrowserControl</tag>
<tag>Setter</tag>
<doc>Open a new Page.</doc>
<status status="PASS" start="2024-05-23T01:06:39.428499" elapsed="0.253650"/>
</kw>
<status status="PASS" start="2024-05-23T01:06:39.427772" elapsed="0.254635"/>
</kw>
<kw name="When I Add &quot;100&quot; ToDos" source_name="I Add &quot;${count}&quot; ToDos">
<for flavor="IN RANGE">
<iter>
<kw name="I Add A New ToDo &quot;My ToDo Number ${index}&quot;" source_name="I Add A New ToDo &quot;${todo}&quot;">
<kw name="Fill Text" owner="Browser">
<msg time="2024-05-23T01:06:39.684389" level="INFO">Fills the text 'My ToDo Number 0' in the given field.</msg>
<arg>.new-todo</arg>
<arg>${todo}</arg>
<tag>PageContent</tag>
<tag>Setter</tag>
<doc>Clears and fills the given ``txt`` into the text field found by ``selector``.</doc>
<status status="PASS" start="2024-05-23T01:06:39.684046" elapsed="0.015112"/>
</kw>
<kw name="Press Keys" owner="Browser">
<arg>.new-todo</arg>
<arg>Enter</arg>
<tag>PageContent</tag>
<tag>Setter</tag>
<doc>Types the given key combination into element found by ``selector``.</doc>
<status status="PASS" start="2024-05-23T01:06:39.699361" elapsed="0.026850"/>
</kw>
<status status="PASS" start="2024-05-23T01:06:39.683773" elapsed="0.042605"/>
</kw>
<var name="${index}">0</var>
<status status="PASS" start="2024-05-23T01:06:39.683617" elapsed="0.042817"/>
</iter>
<iter>
<kw name="I Add A New ToDo &quot;My ToDo Number ${index}&quot;" source_name="I Add A New ToDo &quot;${todo}&quot;">
<kw name="Fill Text" owner="Browser">
<msg time="2024-05-23T01:06:39.727254" level="INFO">Fills the text 'My ToDo Number 1' in the given field.</msg>
<arg>.new-todo</arg>
<arg>${todo}</arg>
<tag>PageContent</tag>
<tag>Setter</tag>
<doc>Clears and fills the given ``txt`` into the text field found by ``selector``.</doc>
<status status="PASS" start="2024-05-23T01:06:39.726947" elapsed="0.004541"/>
</kw>
<kw name="Press Keys" owner="Browser">
<arg>.new-todo</arg>
<arg>Enter</arg>
<tag>PageContent</tag>
<tag>Setter</tag>
<doc>Types the given key combination into element found by ``selector``.</doc>
<status status="PASS" start="2024-05-23T01:06:39.731666" elapsed="0.004152"/>
</kw>
<status status="PASS" start="2024-05-23T01:06:39.726706" elapsed="0.009401"/>
</kw>
<var name="${index}">1</var>
<status status="PASS" start="2024-05-23T01:06:39.726536" elapsed="0.009638"/>
</iter>
<iter>
<kw name="I Add A New ToDo &quot;My ToDo Number ${index}&quot;" source_name="I Add A New ToDo &quot;${todo}&quot;">
<kw name="Fill Text" owner="Browser">
<msg time="2024-05-23T01:06:39.737053" level="INFO">Fills the text 'My ToDo Number 2' in the given field.</msg>
<arg>.new-todo</arg>
<arg>${todo}</arg>
<tag>PageContent</tag>
<tag>Setter</tag>
<doc>Clears and fills the given ``txt`` into the text field found by ``selector``.</doc>
<status status="PASS" start="2024-05-23T01:06:39.736745" elapsed="0.004026"/>
</kw>
<kw name="Press Keys" owner="Browser">
<arg>.new-todo</arg>
<arg>Enter</arg>
<tag>PageContent</tag>
<tag>Setter</tag>
<doc>Types the given key combination into element found by ``selector``.</doc>
<status status="PASS" start="2024-05-23T01:06:39.740927" elapsed="0.003302"/>
</kw>
<status status="PASS" start="2024-05-23T01:06:39.736482" elapsed="0.007841"/>
</kw>
<var name="${index}">2</var>
<status status="PASS" start="2024-05-23T01:06:39.736300" elapsed="0.008071"/>
</iter>
<iter>
<kw name="I Add A New ToDo &quot;My ToDo Number ${index}&quot;" source_name="I Add A New ToDo &quot;${todo}&quot;">
<kw name="Fill Text" owner="Browser">
<msg time="2024-05-23T01:06:39.745040" level="INFO">Fills the text 'My ToDo Number 3' in the given field.</msg>
<arg>.new-todo</arg>
<arg>${todo}</arg>
<tag>PageContent</tag>
<tag>Setter</tag>
<doc>Clears and fills the given ``txt`` into the text field found by ``selector``.</doc>
<status status="PASS" start="2024-05-23T01:06:39.744779" elapsed="0.003799"/>
</kw>
<kw name="Press Keys" owner="Browser">
<arg>.new-todo</arg>
<arg>Enter</arg>
<tag>PageContent</tag>
<tag>Setter</tag>
<doc>Types the given key combination into element found by ``selector``.</doc>
<status status="PASS" start="2024-05-23T01:06:39.748757" elapsed="0.003518"/>
</kw>
<status status="PASS" start="2024-05-23T01:06:39.744574" elapsed="0.007808"/>
</kw>
<var name="${index}">3</var>
<status status="PASS" start="2024-05-23T01:06:39.744449" elapsed="0.007997"/>
</iter>
<iter>
<kw name="I Add A New ToDo &quot;My ToDo Number ${index}&quot;" source_name="I Add A New ToDo &quot;${todo}&quot;">
<kw name="Fill Text" owner="Browser">
<msg time="2024-05-23T01:06:39.754348" level="INFO">Fills the text 'My ToDo Number 4' in the given field.</msg>
<arg>.new-todo</arg>
<arg>${todo}</arg>
<tag>PageContent</tag>
<tag>Setter</tag>
<doc>Clears and fills the given ``txt`` into the text field found by ``selector``.</doc>
<status status="PASS" start="2024-05-23T01:06:39.753957" elapsed="0.006420"/>
</kw>
<kw name="Press Keys" owner="Browser">
<arg>.new-todo</arg>
<arg>Enter</arg>
<tag>PageContent</tag>
<tag>Setter</tag>
<doc>Types the given key combination into element found by ``selector``.</doc>
<status status="PASS" start="2024-05-23T01:06:39.760577" elapsed="0.004551"/>
</kw>
<status status="PASS" start="2024-05-23T01:06:39.753143" elapsed="0.012141"/>
</kw>
<var name="${index}">4</var>
<status status="PASS" start="2024-05-23T01:06:39.752597" elapsed="0.012745"/>
</iter>
<iter>
<kw name="I Add A New ToDo &quot;My ToDo Number ${index}&quot;" source_name="I Add A New ToDo &quot;${todo}&quot;">
<kw name="Fill Text" owner="Browser">
<msg time="2024-05-23T01:06:39.766169" level="INFO">Fills the text 'My ToDo Number 5' in the given field.</msg>
<arg>.new-todo</arg>
<arg>${todo}</arg>
<tag>PageContent</tag>
<tag>Setter</tag>
<doc>Clears and fills the given ``txt`` into the text field found by ``selector``.</doc>
<status status="PASS" start="2024-05-23T01:06:39.765856" elapsed="0.004867"/>
</kw>
<kw name="Press Keys" owner="Browser">
<arg>.new-todo</arg>
<arg>Enter</arg>
<tag>PageContent</tag>
<tag>Setter</tag>
<doc>Types the given key combination into element found by ``selector``.</doc>
<status status="PASS" start="2024-05-23T01:06:39.770978" elapsed="0.003786"/>
</kw>
<status status="PASS" start="2024-05-23T01:06:39.765610" elapsed="0.009273"/>
</kw>
<var name="${index}">5</var>
<status status="PASS" start="2024-05-23T01:06:39.765448" elapsed="0.009487"/>
</iter>
<iter>
<kw name="I Add A New ToDo &quot;My ToDo Number ${index}&quot;" source_name="I Add A New ToDo &quot;${todo}&quot;">
<kw name="Fill Text" owner="Browser">
<msg time="2024-05-23T01:06:39.775641" level="INFO">Fills the text 'My ToDo Number 6' in the given field.</msg>
<arg>.new-todo</arg>
<arg>${todo}</arg>
<tag>PageContent</tag>
<tag>Setter</tag>
<doc>Clears and fills the given ``txt`` into the text field found by ``selector``.</doc>
<status status="PASS" start="2024-05-23T01:06:39.775386" elapsed="0.003132"/>
</kw>
<kw name="Press Keys" owner="Browser">
<arg>.new-todo</arg>
<arg>Enter</arg>
<tag>PageContent</tag>
<tag>Setter</tag>
<doc>Types the given key combination into element found by ``selector``.</doc>
<status status="PASS" start="2024-05-23T01:06:39.778661" elapsed="0.003321"/>
</kw>
<status status="PASS" start="2024-05-23T01:06:39.775167" elapsed="0.006923"/>
</kw>
<var name="${index}">6</var>
<status status="PASS" start="2024-05-23T01:06:39.775029" elapsed="0.007123"/>
</iter>
<iter>
<kw name="I Add A New ToDo &quot;My ToDo Number ${index}&quot;" source_name="I Add A New ToDo &quot;${todo}&quot;">
<kw name="Fill Text" owner="Browser">
<msg time="2024-05-23T01:06:39.782800" level="INFO">Fills the text 'My ToDo Number 7' in the given field.</msg>
<arg>.new-todo</arg>
<arg>${todo}</arg>
<tag>PageContent</tag>
<tag>Setter</tag>
<doc>Clears and fills the given ``txt`` into the text field found by ``selector``.</doc>
<status status="PASS" start="2024-05-23T01:06:39.782576" elapsed="0.003823"/>
</kw>
<kw name="Press Keys" owner="Browser">
<arg>.new-todo</arg>
<arg>Enter</arg>
<tag>PageContent</tag>
<tag>Setter</tag>
<doc>Types the given key combination into element found by ``selector``.</doc>
<status status="PASS" start="2024-05-23T01:06:39.786537" elapsed="0.003889"/>
</kw>
<status status="PASS" start="2024-05-23T01:06:39.782349" elapsed="0.008170"/>
</kw>
<var name="${index}">7</var>
<status status="PASS" start="2024-05-23T01:06:39.782229" elapsed="0.008338"/>
</iter>
<iter>
<kw name="I Add A New ToDo &quot;My ToDo Number ${index}&quot;" source_name="I Add A New ToDo &quot;${todo}&quot;">
<kw name="Fill Text" owner="Browser">
<msg time="2024-05-23T01:06:39.791202" level="INFO">Fills the text 'My ToDo Number 8' in the given field.</msg>
<arg>.new-todo</arg>
<arg>${todo}</arg>
<tag>PageContent</tag>
<tag>Setter</tag>
<doc>Clears and fills the given ``txt`` into the text field found by ``selector``.</doc>
<status status="PASS" start="2024-05-23T01:06:39.790970" elapsed="0.003053"/>
</kw>
<kw name="Press Keys" owner="Browser">
<arg>.new-todo</arg>
<arg>Enter</arg>
<tag>PageContent</tag>
<tag>Setter</tag>
<doc>Types the given key combination into element found by ``selector``.</doc>
<status status="PASS" start="2024-05-23T01:06:39.794209" elapsed="0.003169"/>
</kw>
<status status="PASS" start="2024-05-23T01:06:39.790770" elapsed="0.006706"/>
</kw>
<var name="${index}">8</var>
<status status="PASS" start="2024-05-23T01:06:39.790651" elapsed="0.006875"/>
</iter>
<iter>
<kw name="I Add A New ToDo &quot;My ToDo Number ${index}&quot;" source_name="I Add A New ToDo &quot;${todo}&quot;">
<kw name="Fill Text" owner="Browser">
<msg time="2024-05-23T01:06:39.798160" level="INFO">Fills the text 'My ToDo Number 9' in the given field.</msg>
<arg>.new-todo</arg>
<arg>${todo}</arg>
<tag>PageContent</tag>
<tag>Setter</tag>
<doc>Clears and fills the given ``txt`` into the text field found by ``selector``.</doc>
<status status="PASS" start="2024-05-23T01:06:39.797923" elapsed="0.003178"/>
</kw>
<kw name="Press Keys" owner="Browser">
<arg>.new-todo</arg>
<arg>Enter</arg>
<tag>PageContent</tag>
<tag>Setter</tag>
<doc>Types the given key combination into element found by ``selector``.</doc>
<status status="PASS" start="2024-05-23T01:06:39.801223" elapsed="0.003752"/>
</kw>
<status status="PASS" start="2024-05-23T01:06:39.797718" elapsed="0.007407"/>
</kw>
<var name="${index}">9</var>
<status status="PASS" start="2024-05-23T01:06:39.797608" elapsed="0.007587"/>
</iter>
<iter>
<kw name="I Add A New ToDo &quot;My ToDo Number ${index}&quot;" source_name="I Add A New ToDo &quot;${todo}&quot;">
<kw name="Fill Text" owner="Browser">
<msg time="2024-05-23T01:06:39.806040" level="INFO">Fills the text 'My ToDo Number 10' in the given field.</msg>
<arg>.new-todo</arg>
<arg>${todo}</arg>
<tag>PageContent</tag>
<tag>Setter</tag>
<doc>Clears and fills the given ``txt`` into the text field found by ``selector``.</doc>
<status status="PASS" start="2024-05-23T01:06:39.805774" elapsed="0.003347"/>
</kw>
<kw name="Press Keys" owner="Browser">
<arg>.new-todo</arg>
<arg>Enter</arg>
<tag>PageContent</tag>
<tag>Setter</tag>
<doc>Types the given key combination into element found by ``selector``.</doc>
<status status="PASS" start="2024-05-23T01:06:39.809297" elapsed="0.003371"/>
</kw>
<status status="PASS" start="2024-05-23T01:06:39.805475" elapsed="0.007305"/>
</kw>
<var name="${index}">10</var>
<status status="PASS" start="2024-05-23T01:06:39.805310" elapsed="0.007527"/>
</iter>
<iter>
<kw name="I Add A New ToDo &quot;My ToDo Number ${index}&quot;" source_name="I Add A New ToDo &quot;${todo}&quot;">
<kw name="Fill Text" owner="Browser">
<msg time="2024-05-23T01:06:39.813571" level="INFO">Fills the text 'My ToDo Number 11' in the given field.</msg>
<arg>.new-todo</arg>
<arg>${todo}</arg>
<tag>PageContent</tag>
<tag>Setter</tag>
<doc>Clears and fills the given ``txt`` into the text field found by ``selector``.</doc>
<status status="PASS" start="2024-05-23T01:06:39.813289" elapsed="0.004078"/>
</kw>
<kw name="Press Keys" owner="Browser">
<arg>.new-todo</arg>
<arg>Enter</arg>
<tag>PageContent</tag>
<tag>Setter</tag>
<doc>Types the given key combination into element found by ``selector``.</doc>
<status status="PASS" start="2024-05-23T01:06:39.817556" elapsed="0.004669"/>
</kw>
<status status="PASS" start="2024-05-23T01:06:39.813067" elapsed="0.009312"/>
</kw>
<var name="${index}">11</var>
<status status="PASS" start="2024-05-23T01:06:39.812929" elapsed="0.009509"/>
</iter>
<iter>
<kw name="I Add A New ToDo &quot;My ToDo Number ${index}&quot;" source_name="I Add A New ToDo &quot;${todo}&quot;">
<kw name="Fill Text" owner="Browser">
<msg time="2024-05-23T01:06:39.823244" level="INFO">Fills the text 'My ToDo Number 12' in the given field.</msg>
<arg>.new-todo</arg>
<arg>${todo}</arg>
<tag>PageContent</tag>
<tag>Setter</tag>
<doc>Clears and fills the given ``txt`` into the text field found by ``selector``.</doc>
<status status="PASS" start="2024-05-23T01:06:39.822949" elapsed="0.003660"/>
</kw>
<kw name="Press Keys" owner="Browser">
<arg>.new-todo</arg>
<arg>Enter</arg>
<tag>PageContent</tag>
<tag>Setter</tag>
<doc>Types the given key combination into element found by ``selector``.</doc>
<status status="PASS" start="2024-05-23T01:06:39.826830" elapsed="0.003497"/>
</kw>
<status status="PASS" start="2024-05-23T01:06:39.822707" elapsed="0.007756"/>
</kw>
<var name="${index}">12</var>
<status status="PASS" start="2024-05-23T01:06:39.822556" elapsed="0.007961"/>
</iter>
<iter>
<kw name="I Add A New ToDo &quot;My ToDo Number ${index}&quot;" source_name="I Add A New ToDo &quot;${todo}&quot;">
<kw name="Fill Text" owner="Browser">
<msg time="2024-05-23T01:06:39.831275" level="INFO">Fills the text 'My ToDo Number 13' in the given field.</msg>
<arg>.new-todo</arg>
<arg>${todo}</arg>
<tag>PageContent</tag>
<tag>Setter</tag>
<doc>Clears and fills the given ``txt`` into the text field found by ``selector``.</doc>
<status status="PASS" start="2024-05-23T01:06:39.830998" elapsed="0.003538"/>
</kw>
<kw name="Press Keys" owner="Browser">
<arg>.new-todo</arg>
<arg>Enter</arg>
<tag>PageContent</tag>
<tag>Setter</tag>
<doc>Types the given key combination into element found by ``selector``.</doc>
<status status="PASS" start="2024-05-23T01:06:39.834695" elapsed="0.004439"/>
</kw>
<status status="PASS" start="2024-05-23T01:06:39.830748" elapsed="0.008546"/>
</kw>
<var name="${index}">13</var>
<status status="PASS" start="2024-05-23T01:06:39.830616" elapsed="0.008754"/>
</iter>
<iter>
<kw name="I Add A New ToDo &quot;My ToDo Number ${index}&quot;" source_name="I Add A New ToDo &quot;${todo}&quot;">
<kw name="Fill Text" owner="Browser">
<msg time="2024-05-23T01:06:39.840262" level="INFO">Fills the text 'My ToDo Number 14' in the given field.</msg>
<arg>.new-todo</arg>
<arg>${todo}</arg>
<tag>PageContent</tag>
<tag>Setter</tag>
<doc>Clears and fills the given ``txt`` into the text field found by ``selector``.</doc>
<status status="PASS" start="2024-05-23T01:06:39.839944" elapsed="0.003591"/>
</kw>
<kw name="Press Keys" owner="Browser">
<arg>.new-todo</arg>
<arg>Enter</arg>
<tag>PageContent</tag>
<tag>Setter</tag>
<doc>Types the given key combination into element found by ``selector``.</doc>
<status status="PASS" start="2024-05-23T01:06:39.843693" elapsed="0.003156"/>
</kw>
<status status="PASS" start="2024-05-23T01:06:39.839643" elapsed="0.007310"/>
</kw>
<var name="${index}">14</var>
<status status="PASS" start="2024-05-23T01:06:39.839476" elapsed="0.007535"/>
</iter>
<iter>
<kw name="I Add A New ToDo &quot;My ToDo Number ${index}&quot;" source_name="I Add A New ToDo &quot;${todo}&quot;">
<kw name="Fill Text" owner="Browser">
<msg time="2024-05-23T01:06:39.847761" level="INFO">Fills the text 'My ToDo Number 15' in the given field.</msg>
<arg>.new-todo</arg>
<arg>${todo}</arg>
<tag>PageContent</tag>
<tag>Setter</tag>
<doc>Clears and fills the given ``txt`` into the text field found by ``selector``.</doc>
<status status="PASS" start="2024-05-23T01:06:39.847477" elapsed="0.003411"/>
</kw>
<kw name="Press Keys" owner="Browser">
<arg>.new-todo</arg>
<arg>Enter</arg>
<tag>PageContent</tag>
<tag>Setter</tag>
<doc>Types the given key combination into element found by ``selector``.</doc>
<status status="PASS" start="2024-05-23T01:06:39.851037" elapsed="0.003732"/>
</kw>
<status status="PASS" start="2024-05-23T01:06:39.847232" elapsed="0.007694"/>
</kw>
<var name="${index}">15</var>
<status status="PASS" start="2024-05-23T01:06:39.847107" elapsed="0.007874"/>
</iter>
<iter>
<kw name="I Add A New ToDo &quot;My ToDo Number ${index}&quot;" source_name="I Add A New ToDo &quot;${todo}&quot;">
<kw name="Fill Text" owner="Browser">
<msg time="2024-05-23T01:06:39.855859" level="INFO">Fills the text 'My ToDo Number 16' in the given field.</msg>
<arg>.new-todo</arg>
<arg>${todo}</arg>
<tag>PageContent</tag>
<tag>Setter</tag>
<doc>Clears and fills the given ``txt`` into the text field found by ``selector``.</doc>
<status status="PASS" start="2024-05-23T01:06:39.855518" elapsed="0.003546"/>
</kw>
<kw name="Press Keys" owner="Browser">
<arg>.new-todo</arg>
<arg>Enter</arg>
<tag>PageContent</tag>
<tag>Setter</tag>
<doc>Types the given key combination into element found by ``selector``.</doc>
<status status="PASS" start="2024-05-23T01:06:39.859271" elapsed="0.003530"/>
</kw>
<status status="PASS" start="2024-05-23T01:06:39.855239" elapsed="0.007671"/>
</kw>
<var name="${index}">16</var>
<status status="PASS" start="2024-05-23T01:06:39.855098" elapsed="0.007871"/>
</iter>
<iter>
<kw name="I Add A New ToDo &quot;My ToDo Number ${index}&quot;" source_name="I Add A New ToDo &quot;${todo}&quot;">
<kw name="Fill Text" owner="Browser">
<msg time="2024-05-23T01:06:39.863663" level="INFO">Fills the text 'My ToDo Number 17' in the given field.</msg>
<arg>.new-todo</arg>
<arg>${todo}</arg>
<tag>PageContent</tag>
<tag>Setter</tag>
<doc>Clears and fills the given ``txt`` into the text field found by ``selector``.</doc>
<status status="PASS" start="2024-05-23T01:06:39.863404" elapsed="0.004877"/>
</kw>
<kw name="Press Keys" owner="Browser">
<arg>.new-todo</arg>
<arg>Enter</arg>
<tag>PageContent</tag>
<tag>Setter</tag>
<doc>Types the given key combination into element found by ``selector``.</doc>
<status status="PASS" start="2024-05-23T01:06:39.868504" elapsed="0.006475"/>
</kw>
<status status="PASS" start="2024-05-23T01:06:39.863174" elapsed="0.011963"/>
</kw>
<var name="${index}">17</var>
<status status="PASS" start="2024-05-23T01:06:39.863056" elapsed="0.012143"/>
</iter>
<iter>
<kw name="I Add A New ToDo &quot;My ToDo Number ${index}&quot;" source_name="I Add A New ToDo &quot;${todo}&quot;">
<kw name="Fill Text" owner="Browser">
<msg time="2024-05-23T01:06:39.876102" level="INFO">Fills the text 'My ToDo Number 18' in the given field.</msg>
<arg>.new-todo</arg>
<arg>${todo}</arg>
<tag>PageContent</tag>
<tag>Setter</tag>
<doc>Clears and fills the given ``txt`` into the text field found by ``selector``.</doc>
<status status="PASS" start="2024-05-23T01:06:39.875767" elapsed="0.003846"/>
</kw>
<kw name="Press Keys" owner="Browser">
<arg>.new-todo</arg>
<arg>Enter</arg>
<tag>PageContent</tag>
<tag>Setter</tag>
<doc>Types the given key combination into element found by ``selector``.</doc>
<status status="PASS" start="2024-05-23T01:06:39.879773" elapsed="0.003383"/>
</kw>
<status status="PASS" start="2024-05-23T01:06:39.875493" elapsed="0.007760"/>
</kw>
<var name="${index}">18</var>
<status status="PASS" start="2024-05-23T01:06:39.875316" elapsed="0.008007"/>
</iter>
<iter>
<kw name="I Add A New ToDo &quot;My ToDo Number ${index}&quot;" source_name="I Add A New ToDo &quot;${todo}&quot;">
<kw name="Fill Text" owner="Browser">
<msg time="2024-05-23T01:06:39.884035" level="INFO">Fills the text 'My ToDo Number 19' in the given field.</msg>
<arg>.new-todo</arg>
<arg>${todo}</arg>
<tag>PageContent</tag>
<tag>Setter</tag>
<doc>Clears and fills the given ``txt`` into the text field found by ``selector``.</doc>
<status status="PASS" start="2024-05-23T01:06:39.883776" elapsed="0.004583"/>
</kw>
<kw name="Press Keys" owner="Browser">
<arg>.new-todo</arg>
<arg>Enter</arg>
<tag>PageContent</tag>
<tag>Setter</tag>
<doc>Types the given key combination into element found by ``selector``.</doc>
<status status="PASS" start="2024-05-23T01:06:39.888556" elapsed="0.003301"/>
</kw>
<status status="PASS" start="2024-05-23T01:06:39.883555" elapsed="0.008432"/>
</kw>
<var name="${index}">19</var>
<status status="PASS" start="2024-05-23T01:06:39.883416" elapsed="0.008624"/>
</iter>
<iter>
<kw name="I Add A New ToDo &quot;My ToDo Number ${index}&quot;" source_name="I Add A New ToDo &quot;${todo}&quot;">
<kw name="Fill Text" owner="Browser">
<msg time="2024-05-23T01:06:39.892758" level="INFO">Fills the text 'My ToDo Number 20' in the given field.</msg>
<arg>.new-todo</arg>
<arg>${todo}</arg>
<tag>PageContent</tag>
<tag>Setter</tag>
<doc>Clears and fills the given ``txt`` into the text field found by ``selector``.</doc>
<status status="PASS" start="2024-05-23T01:06:39.892493" elapsed="0.003396"/>
</kw>
<kw name="Press Keys" owner="Browser">
<arg>.new-todo</arg>
<arg>Enter</arg>
<tag>PageContent</tag>
<tag>Setter</tag>
<doc>Types the given key combination into element found by ``selector``.</doc>
<status status="PASS" start="2024-05-23T01:06:39.896036" elapsed="0.003365"/>
</kw>
<status status="PASS" start="2024-05-23T01:06:39.892260" elapsed="0.007254"/>
</kw>
<var name="${index}">20</var>
<status status="PASS" start="2024-05-23T01:06:39.892135" elapsed="0.007440"/>
</iter>
<iter>
<kw name="I Add A New ToDo &quot;My ToDo Number ${index}&quot;" source_name="I Add A New ToDo &quot;${todo}&quot;">
<kw name="Fill Text" owner="Browser">
<msg time="2024-05-23T01:06:39.900300" level="INFO">Fills the text 'My ToDo Number 21' in the given field.</msg>
<arg>.new-todo</arg>
<arg>${todo}</arg>
<tag>PageContent</tag>
<tag>Setter</tag>
<doc>Clears and fills the given ``txt`` into the text field found by ``selector``.</doc>
<status status="PASS" start="2024-05-23T01:06:39.900034" elapsed="0.004139"/>
</kw>
<kw name="Press Keys" owner="Browser">
<arg>.new-todo</arg>
<arg>Enter</arg>
<tag>PageContent</tag>
<tag>Setter</tag>
<doc>Types the given key combination into element found by ``selector``.</doc>
<status status="PASS" start="2024-05-23T01:06:39.904360" elapsed="0.003531"/>
</kw>
<status status="PASS" start="2024-05-23T01:06:39.899790" elapsed="0.008207"/>
</kw>
<var name="${index}">21</var>
<status status="PASS" start="2024-05-23T01:06:39.899665" elapsed="0.008385"/>
</iter>
<iter>
<kw name="I Add A New ToDo &quot;My ToDo Number ${index}&quot;" source_name="I Add A New ToDo &quot;${todo}&quot;">
<kw name="Fill Text" owner="Browser">
<msg time="2024-05-23T01:06:39.908714" level="INFO">Fills the text 'My ToDo Number 22' in the given field.</msg>
<arg>.new-todo</arg>
<arg>${todo}</arg>
<tag>PageContent</tag>
<tag>Setter</tag>
<doc>Clears and fills the given ``txt`` into the text field found by ``selector``.</doc>
<status status="PASS" start="2024-05-23T01:06:39.908466" elapsed="0.003006"/>
</kw>
<kw name="Press Keys" owner="Browser">
<arg>.new-todo</arg>
<arg>Enter</arg>
<tag>PageContent</tag>
<tag>Setter</tag>
<doc>Types the given key combination into element found by ``selector``.</doc>
<status status="PASS" start="2024-05-23T01:06:39.911620" elapsed="0.003246"/>
</kw>
<status status="PASS" start="2024-05-23T01:06:39.908256" elapsed="0.006717"/>
</kw>
<var name="${index}">22</var>
<status status="PASS" start="2024-05-23T01:06:39.908138" elapsed="0.006895"/>
</iter>
<iter>
<kw name="I Add A New ToDo &quot;My ToDo Number ${index}&quot;" source_name="I Add A New ToDo &quot;${todo}&quot;">
<kw name="Fill Text" owner="Browser">
<msg time="2024-05-23T01:06:39.915744" level="INFO">Fills the text 'My ToDo Number 23' in the given field.</msg>
<arg>.new-todo</arg>
<arg>${todo}</arg>
<tag>PageContent</tag>
<tag>Setter</tag>
<doc>Clears and fills the given ``txt`` into the text field found by ``selector``.</doc>
<status status="PASS" start="2024-05-23T01:06:39.915473" elapsed="0.003315"/>
</kw>
<kw name="Press Keys" owner="Browser">
<arg>.new-todo</arg>
<arg>Enter</arg>
<tag>PageContent</tag>
<tag>Setter</tag>
<doc>Types the given key combination into element found by ``selector``.</doc>
<status status="PASS" start="2024-05-23T01:06:39.918955" elapsed="0.003909"/>
</kw>
<status status="PASS" start="2024-05-23T01:06:39.915247" elapsed="0.007763"/>
</kw>
<var name="${index}">23</var>
<status status="PASS" start="2024-05-23T01:06:39.915125" elapsed="0.007955"/>
</iter>
<iter>
<kw name="I Add A New ToDo &quot;My ToDo Number ${index}&quot;" source_name="I Add A New ToDo &quot;${todo}&quot;">
<kw name="Fill Text" owner="Browser">
<msg time="2024-05-23T01:06:39.923878" level="INFO">Fills the text 'My ToDo Number 24' in the given field.</msg>
<arg>.new-todo</arg>
<arg>${todo}</arg>
<tag>PageContent</tag>
<tag>Setter</tag>
<doc>Clears and fills the given ``txt`` into the text field found by ``selector``.</doc>
<status status="PASS" start="2024-05-23T01:06:39.923604" elapsed="0.003482"/>
</kw>
<kw name="Press Keys" owner="Browser">
<arg>.new-todo</arg>
<arg>Enter</arg>
<tag>PageContent</tag>
<tag>Setter</tag>
<doc>Types the given key combination into element found by ``selector``.</doc>
<status status="PASS" start="2024-05-23T01:06:39.927231" elapsed="0.003177"/>
</kw>
<status status="PASS" start="2024-05-23T01:06:39.923354" elapsed="0.007166"/>
</kw>
<var name="${index}">24</var>
<status status="PASS" start="2024-05-23T01:06:39.923209" elapsed="0.007365"/>
</iter>
<iter>
<kw name="I Add A New ToDo &quot;My ToDo Number ${index}&quot;" source_name="I Add A New ToDo &quot;${todo}&quot;">
<kw name="Fill Text" owner="Browser">
<msg time="2024-05-23T01:06:39.931286" level="INFO">Fills the text 'My ToDo Number 25' in the given field.</msg>
<arg>.new-todo</arg>
<arg>${todo}</arg>
<tag>PageContent</tag>
<tag>Setter</tag>
<doc>Clears and fills the given ``txt`` into the text field found by ``selector``.</doc>
<status status="PASS" start="2024-05-23T01:06:39.931013" elapsed="0.003438"/>
</kw>
<kw name="Press Keys" owner="Browser">
<arg>.new-todo</arg>
<arg>Enter</arg>
<tag>PageContent</tag>
<tag>Setter</tag>
<doc>Types the given key combination into element found by ``selector``.</doc>
<status status="PASS" start="2024-05-23T01:06:39.934591" elapsed="0.003312"/>
</kw>
<status status="PASS" start="2024-05-23T01:06:39.930785" elapsed="0.007252"/>
</kw>
<var name="${index}">25</var>
<status status="PASS" start="2024-05-23T01:06:39.930661" elapsed="0.007438"/>
</iter>
<iter>
<kw name="I Add A New ToDo &quot;My ToDo Number ${index}&quot;" source_name="I Add A New ToDo &quot;${todo}&quot;">
<kw name="Fill Text" owner="Browser">
<msg time="2024-05-23T01:06:39.938926" level="INFO">Fills the text 'My ToDo Number 26' in the given field.</msg>
<arg>.new-todo</arg>
<arg>${todo}</arg>
<tag>PageContent</tag>
<tag>Setter</tag>
<doc>Clears and fills the given ``txt`` into the text field found by ``selector``.</doc>
<status status="PASS" start="2024-05-23T01:06:39.938621" elapsed="0.003556"/>
</kw>
<kw name="Press Keys" owner="Browser">
<arg>.new-todo</arg>
<arg>Enter</arg>
<tag>PageContent</tag>
<tag>Setter</tag>
<doc>Types the given key combination into element found by ``selector``.</doc>
<status status="PASS" start="2024-05-23T01:06:39.942325" elapsed="0.003282"/>
</kw>
<status status="PASS" start="2024-05-23T01:06:39.938341" elapsed="0.007375"/>
</kw>
<var name="${index}">26</var>
<status status="PASS" start="2024-05-23T01:06:39.938208" elapsed="0.007567"/>
</iter>
<iter>
<kw name="I Add A New ToDo &quot;My ToDo Number ${index}&quot;" source_name="I Add A New ToDo &quot;${todo}&quot;">
<kw name="Fill Text" owner="Browser">
<msg time="2024-05-23T01:06:39.946512" level="INFO">Fills the text 'My ToDo Number 27' in the given field.</msg>
<arg>.new-todo</arg>
<arg>${todo}</arg>
<tag>PageContent</tag>
<tag>Setter</tag>
<doc>Clears and fills the given ``txt`` into the text field found by ``selector``.</doc>
<status status="PASS" start="2024-05-23T01:06:39.946230" elapsed="0.003687"/>
</kw>
<kw name="Press Keys" owner="Browser">
<arg>.new-todo</arg>
<arg>Enter</arg>
<tag>PageContent</tag>
<tag>Setter</tag>
<doc>Types the given key combination into element found by ``selector``.</doc>
<status status="PASS" start="2024-05-23T01:06:39.950083" elapsed="0.003982"/>
</kw>
<status status="PASS" start="2024-05-23T01:06:39.945994" elapsed="0.008212"/>
</kw>
<var name="${index}">27</var>
<status status="PASS" start="2024-05-23T01:06:39.945867" elapsed="0.008397"/>
</iter>
<iter>
<kw name="I Add A New ToDo &quot;My ToDo Number ${index}&quot;" source_name="I Add A New ToDo &quot;${todo}&quot;">
<kw name="Fill Text" owner="Browser">
<msg time="2024-05-23T01:06:39.955106" level="INFO">Fills the text 'My ToDo Number 28' in the given field.</msg>
<arg>.new-todo</arg>
<arg>${todo}</arg>
<tag>PageContent</tag>
<tag>Setter</tag>
<doc>Clears and fills the given ``txt`` into the text field found by ``selector``.</doc>
<status status="PASS" start="2024-05-23T01:06:39.954787" elapsed="0.003646"/>
</kw>
<kw name="Press Keys" owner="Browser">
<arg>.new-todo</arg>
<arg>Enter</arg>
<tag>PageContent</tag>
<tag>Setter</tag>
<doc>Types the given key combination into element found by ``selector``.</doc>
<status status="PASS" start="2024-05-23T01:06:39.958572" elapsed="0.003246"/>
</kw>
<status status="PASS" start="2024-05-23T01:06:39.954526" elapsed="0.007404"/>
</kw>
<var name="${index}">28</var>
<status status="PASS" start="2024-05-23T01:06:39.954373" elapsed="0.007617"/>
</iter>
<iter>
<kw name="I Add A New ToDo &quot;My ToDo Number ${index}&quot;" source_name="I Add A New ToDo &quot;${todo}&quot;">
<kw name="Fill Text" owner="Browser">
<msg time="2024-05-23T01:06:39.962732" level="INFO">Fills the text 'My ToDo Number 29' in the given field.</msg>
<arg>.new-todo</arg>
<arg>${todo}</arg>
<tag>PageContent</tag>
<tag>Setter</tag>
<doc>Clears and fills the given ``txt`` into the text field found by ``selector``.</doc>
<status status="PASS" start="2024-05-23T01:06:39.962456" elapsed="0.003624"/>
</kw>
<kw name="Press Keys" owner="Browser">
<arg>.new-todo</arg>
<arg>Enter</arg>
<tag>PageContent</tag>
<tag>Setter</tag>
<doc>Types the given key combination into element found by ``selector``.</doc>
<status status="PASS" start="2024-05-23T01:06:39.966256" elapsed="0.004167"/>
</kw>
<status status="PASS" start="2024-05-23T01:06:39.962213" elapsed="0.008338"/>
</kw>
<var name="${index}">29</var>
<status status="PASS" start="2024-05-23T01:06:39.962086" elapsed="0.008518"/>
</iter>
<iter>
<kw name="I Add A New ToDo &quot;My ToDo Number ${index}&quot;" source_name="I Add A New ToDo &quot;${todo}&quot;">
<kw name="Fill Text" owner="Browser">
<msg time="2024-05-23T01:06:39.971400" level="INFO">Fills the text 'My ToDo Number 30' in the given field.</msg>
<arg>.new-todo</arg>
<arg>${todo}</arg>
<tag>PageContent</tag>
<tag>Setter</tag>
<doc>Clears and fills the given ``txt`` into the text field found by ``selector``.</doc>
<status status="PASS" start="2024-05-23T01:06:39.971088" elapsed="0.003864"/>
</kw>
<kw name="Press Keys" owner="Browser">
<arg>.new-todo</arg>
<arg>Enter</arg>
<tag>PageContent</tag>
<tag>Setter</tag>
<doc>Types the given key combination into element found by ``selector``.</doc>
<status status="PASS" start="2024-05-23T01:06:39.975075" elapsed="0.003138"/>
</kw>
<status status="PASS" start="2024-05-23T01:06:39.970842" elapsed="0.007470"/>
</kw>
<var name="${index}">30</var>
<status status="PASS" start="2024-05-23T01:06:39.970697" elapsed="0.007668"/>
</iter>
<iter>
<kw name="I Add A New ToDo &quot;My ToDo Number ${index}&quot;" source_name="I Add A New ToDo &quot;${todo}&quot;">
<kw name="Fill Text" owner="Browser">
<msg time="2024-05-23T01:06:39.979045" level="INFO">Fills the text 'My ToDo Number 31' in the given field.</msg>
<arg>.new-todo</arg>
<arg>${todo}</arg>
<tag>PageContent</tag>
<tag>Setter</tag>
<doc>Clears and fills the given ``txt`` into the text field found by ``selector``.</doc>
<status status="PASS" start="2024-05-23T01:06:39.978792" elapsed="0.004171"/>
</kw>
<kw name="Press Keys" owner="Browser">
<arg>.new-todo</arg>
<arg>Enter</arg>
<tag>PageContent</tag>
<tag>Setter</tag>
<doc>Types the given key combination into element found by ``selector``.</doc>
<status status="PASS" start="2024-05-23T01:06:39.983186" elapsed="0.004294"/>
</kw>
<status status="PASS" start="2024-05-23T01:06:39.978569" elapsed="0.009085"/>
</kw>
<var name="${index}">31</var>
<status status="PASS" start="2024-05-23T01:06:39.978453" elapsed="0.009258"/>
</iter>
<iter>
<kw name="I Add A New ToDo &quot;My ToDo Number ${index}&quot;" source_name="I Add A New ToDo &quot;${todo}&quot;">
<kw name="Fill Text" owner="Browser">
<msg time="2024-05-23T01:06:39.988535" level="INFO">Fills the text 'My ToDo Number 32' in the given field.</msg>
<arg>.new-todo</arg>
<arg>${todo}</arg>
<tag>PageContent</tag>
<tag>Setter</tag>
<doc>Clears and fills the given ``txt`` into the text field found by ``selector``.</doc>
<status status="PASS" start="2024-05-23T01:06:39.988230" elapsed="0.004408"/>
</kw>
<kw name="Press Keys" owner="Browser">
<arg>.new-todo</arg>
<arg>Enter</arg>
<tag>PageContent</tag>
<tag>Setter</tag>
<doc>Types the given key combination into element found by ``selector``.</doc>
<status status="PASS" start="2024-05-23T01:06:39.992800" elapsed="0.003424"/>
</kw>
<status status="PASS" start="2024-05-23T01:06:39.987977" elapsed="0.008397"/>
</kw>
<var name="${index}">32</var>
<status status="PASS" start="2024-05-23T01:06:39.987828" elapsed="0.008600"/>
</iter>
<iter>
<kw name="I Add A New ToDo &quot;My ToDo Number ${index}&quot;" source_name="I Add A New ToDo &quot;${todo}&quot;">
<kw name="Fill Text" owner="Browser">
<msg time="2024-05-23T01:06:39.997138" level="INFO">Fills the text 'My ToDo Number 33' in the given field.</msg>
<arg>.new-todo</arg>
<arg>${todo}</arg>
<tag>PageContent</tag>
<tag>Setter</tag>
<doc>Clears and fills the given ``txt`` into the text field found by ``selector``.</doc>
<status status="PASS" start="2024-05-23T01:06:39.996869" elapsed="0.004122"/>
</kw>
<kw name="Press Keys" owner="Browser">
<arg>.new-todo</arg>
<arg>Enter</arg>
<tag>PageContent</tag>
<tag>Setter</tag>
<doc>Types the given key combination into element found by ``selector``.</doc>
<status status="PASS" start="2024-05-23T01:06:40.001160" elapsed="0.003668"/>
</kw>
<status status="PASS" start="2024-05-23T01:06:39.996643" elapsed="0.008320"/>
</kw>
<var name="${index}">33</var>
<status status="PASS" start="2024-05-23T01:06:39.996520" elapsed="0.008500"/>
</iter>
<iter>
<kw name="I Add A New ToDo &quot;My ToDo Number ${index}&quot;" source_name="I Add A New ToDo &quot;${todo}&quot;">
<kw name="Fill Text" owner="Browser">
<msg time="2024-05-23T01:06:40.005822" level="INFO">Fills the text 'My ToDo Number 34' in the given field.</msg>
<arg>.new-todo</arg>
<arg>${todo}</arg>
<tag>PageContent</tag>
<tag>Setter</tag>
<doc>Clears and fills the given ``txt`` into the text field found by ``selector``.</doc>
<status status="PASS" start="2024-05-23T01:06:40.005539" elapsed="0.003773"/>
</kw>
<kw name="Press Keys" owner="Browser">
<arg>.new-todo</arg>
<arg>Enter</arg>
<tag>PageContent</tag>
<tag>Setter</tag>
<doc>Types the given key combination into element found by ``selector``.</doc>
<status status="PASS" start="2024-05-23T01:06:40.009462" elapsed="0.003376"/>
</kw>
<status status="PASS" start="2024-05-23T01:06:40.005294" elapsed="0.007658"/>
</kw>
<var name="${index}">34</var>
<status status="PASS" start="2024-05-23T01:06:40.005139" elapsed="0.007872"/>
</iter>
<iter>
<kw name="I Add A New ToDo &quot;My ToDo Number ${index}&quot;" source_name="I Add A New ToDo &quot;${todo}&quot;">
<kw name="Fill Text" owner="Browser">
<msg time="2024-05-23T01:06:40.013733" level="INFO">Fills the text 'My ToDo Number 35' in the given field.</msg>
<arg>.new-todo</arg>
<arg>${todo}</arg>
<tag>PageContent</tag>
<tag>Setter</tag>
<doc>Clears and fills the given ``txt`` into the text field found by ``selector``.</doc>
<status status="PASS" start="2024-05-23T01:06:40.013460" elapsed="0.004481"/>
</kw>
<kw name="Press Keys" owner="Browser">
<arg>.new-todo</arg>
<arg>Enter</arg>
<tag>PageContent</tag>
<tag>Setter</tag>
<doc>Types the given key combination into element found by ``selector``.</doc>
<status status="PASS" start="2024-05-23T01:06:40.018117" elapsed="0.004043"/>
</kw>
<status status="PASS" start="2024-05-23T01:06:40.013236" elapsed="0.009072"/>
</kw>
<var name="${index}">35</var>
<status status="PASS" start="2024-05-23T01:06:40.013108" elapsed="0.009261"/>
</iter>
<iter>
<kw name="I Add A New ToDo &quot;My ToDo Number ${index}&quot;" source_name="I Add A New ToDo &quot;${todo}&quot;">
<kw name="Fill Text" owner="Browser">
<msg time="2024-05-23T01:06:40.023151" level="INFO">Fills the text 'My ToDo Number 36' in the given field.</msg>
<arg>.new-todo</arg>
<arg>${todo}</arg>
<tag>PageContent</tag>
<tag>Setter</tag>
<doc>Clears and fills the given ``txt`` into the text field found by ``selector``.</doc>
<status status="PASS" start="2024-05-23T01:06:40.022865" elapsed="0.004834"/>
</kw>
<kw name="Press Keys" owner="Browser">
<arg>.new-todo</arg>
<arg>Enter</arg>
<tag>PageContent</tag>
<tag>Setter</tag>
<doc>Types the given key combination into element found by ``selector``.</doc>
<status status="PASS" start="2024-05-23T01:06:40.027915" elapsed="0.003519"/>
</kw>
<status status="PASS" start="2024-05-23T01:06:40.022623" elapsed="0.008920"/>
</kw>
<var name="${index}">36</var>
<status status="PASS" start="2024-05-23T01:06:40.022478" elapsed="0.009117"/>
</iter>
<iter>
<kw name="I Add A New ToDo &quot;My ToDo Number ${index}&quot;" source_name="I Add A New ToDo &quot;${todo}&quot;">
<kw name="Fill Text" owner="Browser">
<msg time="2024-05-23T01:06:40.032355" level="INFO">Fills the text 'My ToDo Number 37' in the given field.</msg>
<arg>.new-todo</arg>
<arg>${todo}</arg>
<tag>PageContent</tag>
<tag>Setter</tag>
<doc>Clears and fills the given ``txt`` into the text field found by ``selector``.</doc>
<status status="PASS" start="2024-05-23T01:06:40.032083" elapsed="0.004924"/>
</kw>
<kw name="Press Keys" owner="Browser">
<arg>.new-todo</arg>
<arg>Enter</arg>
<tag>PageContent</tag>
<tag>Setter</tag>
<doc>Types the given key combination into element found by ``selector``.</doc>
<status status="PASS" start="2024-05-23T01:06:40.037149" elapsed="0.003531"/>
</kw>
<status status="PASS" start="2024-05-23T01:06:40.031820" elapsed="0.008970"/>
</kw>
<var name="${index}">37</var>
<status status="PASS" start="2024-05-23T01:06:40.031693" elapsed="0.009149"/>
</iter>
<iter>
<kw name="I Add A New ToDo &quot;My ToDo Number ${index}&quot;" source_name="I Add A New ToDo &quot;${todo}&quot;">
<kw name="Fill Text" owner="Browser">
<msg time="2024-05-23T01:06:40.041518" level="INFO">Fills the text 'My ToDo Number 38' in the given field.</msg>
<arg>.new-todo</arg>
<arg>${todo}</arg>
<tag>PageContent</tag>
<tag>Setter</tag>
<doc>Clears and fills the given ``txt`` into the text field found by ``selector``.</doc>
<status status="PASS" start="2024-05-23T01:06:40.041268" elapsed="0.003590"/>
</kw>
<kw name="Press Keys" owner="Browser">
<arg>.new-todo</arg>
<arg>Enter</arg>
<tag>PageContent</tag>
<tag>Setter</tag>
<doc>Types the given key combination into element found by ``selector``.</doc>
<status status="PASS" start="2024-05-23T01:06:40.045049" elapsed="0.003174"/>
</kw>
<status status="PASS" start="2024-05-23T01:06:40.041048" elapsed="0.007290"/>
</kw>
<var name="${index}">38</var>
<status status="PASS" start="2024-05-23T01:06:40.040930" elapsed="0.007461"/>
</iter>
<iter>
<kw name="I Add A New ToDo &quot;My ToDo Number ${index}&quot;" source_name="I Add A New ToDo &quot;${todo}&quot;">
<kw name="Fill Text" owner="Browser">
<msg time="2024-05-23T01:06:40.049120" level="INFO">Fills the text 'My ToDo Number 39' in the given field.</msg>
<arg>.new-todo</arg>
<arg>${todo}</arg>
<tag>PageContent</tag>
<tag>Setter</tag>
<doc>Clears and fills the given ``txt`` into the text field found by ``selector``.</doc>
<status status="PASS" start="2024-05-23T01:06:40.048847" elapsed="0.003676"/>
</kw>
<kw name="Press Keys" owner="Browser">
<arg>.new-todo</arg>
<arg>Enter</arg>
<tag>PageContent</tag>
<tag>Setter</tag>
<doc>Types the given key combination into element found by ``selector``.</doc>
<status status="PASS" start="2024-05-23T01:06:40.052654" elapsed="0.003536"/>
</kw>
<status status="PASS" start="2024-05-23T01:06:40.048614" elapsed="0.007705"/>
</kw>
<var name="${index}">39</var>
<status status="PASS" start="2024-05-23T01:06:40.048487" elapsed="0.007886"/>
</iter>
<iter>
<kw name="I Add A New ToDo &quot;My ToDo Number ${index}&quot;" source_name="I Add A New ToDo &quot;${todo}&quot;">
<kw name="Fill Text" owner="Browser">
<msg time="2024-05-23T01:06:40.057117" level="INFO">Fills the text 'My ToDo Number 40' in the given field.</msg>
<arg>.new-todo</arg>
<arg>${todo}</arg>
<tag>PageContent</tag>
<tag>Setter</tag>
<doc>Clears and fills the given ``txt`` into the text field found by ``selector``.</doc>
<status status="PASS" start="2024-05-23T01:06:40.056845" elapsed="0.003726"/>
</kw>
<kw name="Press Keys" owner="Browser">
<arg>.new-todo</arg>
<arg>Enter</arg>
<tag>PageContent</tag>
<tag>Setter</tag>
<doc>Types the given key combination into element found by ``selector``.</doc>
<status status="PASS" start="2024-05-23T01:06:40.060708" elapsed="0.003075"/>
</kw>
<status status="PASS" start="2024-05-23T01:06:40.056610" elapsed="0.007309"/>
</kw>
<var name="${index}">40</var>
<status status="PASS" start="2024-05-23T01:06:40.056474" elapsed="0.007502"/>
</iter>
<iter>
<kw name="I Add A New ToDo &quot;My ToDo Number ${index}&quot;" source_name="I Add A New ToDo &quot;${todo}&quot;">
<kw name="Fill Text" owner="Browser">
<msg time="2024-05-23T01:06:40.064669" level="INFO">Fills the text 'My ToDo Number 41' in the given field.</msg>
<arg>.new-todo</arg>
<arg>${todo}</arg>
<tag>PageContent</tag>
<tag>Setter</tag>
<doc>Clears and fills the given ``txt`` into the text field found by ``selector``.</doc>
<status status="PASS" start="2024-05-23T01:06:40.064396" elapsed="0.003777"/>
</kw>
<kw name="Press Keys" owner="Browser">
<arg>.new-todo</arg>
<arg>Enter</arg>
<tag>PageContent</tag>
<tag>Setter</tag>
<doc>Types the given key combination into element found by ``selector``.</doc>
<status status="PASS" start="2024-05-23T01:06:40.068314" elapsed="0.003607"/>
</kw>
<status status="PASS" start="2024-05-23T01:06:40.064171" elapsed="0.007867"/>
</kw>
<var name="${index}">41</var>
<status status="PASS" start="2024-05-23T01:06:40.064055" elapsed="0.008037"/>
</iter>
<iter>
<kw name="I Add A New ToDo &quot;My ToDo Number ${index}&quot;" source_name="I Add A New ToDo &quot;${todo}&quot;">
<kw name="Fill Text" owner="Browser">
<msg time="2024-05-23T01:06:40.072880" level="INFO">Fills the text 'My ToDo Number 42' in the given field.</msg>
<arg>.new-todo</arg>
<arg>${todo}</arg>
<tag>PageContent</tag>
<tag>Setter</tag>
<doc>Clears and fills the given ``txt`` into the text field found by ``selector``.</doc>
<status status="PASS" start="2024-05-23T01:06:40.072607" elapsed="0.003876"/>
</kw>
<kw name="Press Keys" owner="Browser">
<arg>.new-todo</arg>
<arg>Enter</arg>
<tag>PageContent</tag>
<tag>Setter</tag>
<doc>Types the given key combination into element found by ``selector``.</doc>
<status status="PASS" start="2024-05-23T01:06:40.076634" elapsed="0.003228"/>
</kw>
<status status="PASS" start="2024-05-23T01:06:40.072342" elapsed="0.007623"/>
</kw>
<var name="${index}">42</var>
<status status="PASS" start="2024-05-23T01:06:40.072198" elapsed="0.007818"/>
</iter>
<iter>
<kw name="I Add A New ToDo &quot;My ToDo Number ${index}&quot;" source_name="I Add A New ToDo &quot;${todo}&quot;">
<kw name="Fill Text" owner="Browser">
<msg time="2024-05-23T01:06:40.080698" level="INFO">Fills the text 'My ToDo Number 43' in the given field.</msg>
<arg>.new-todo</arg>
<arg>${todo}</arg>
<tag>PageContent</tag>
<tag>Setter</tag>
<doc>Clears and fills the given ``txt`` into the text field found by ``selector``.</doc>
<status status="PASS" start="2024-05-23T01:06:40.080440" elapsed="0.004087"/>
</kw>
<kw name="Press Keys" owner="Browser">
<arg>.new-todo</arg>
<arg>Enter</arg>
<tag>PageContent</tag>
<tag>Setter</tag>
<doc>Types the given key combination into element found by ``selector``.</doc>
<status status="PASS" start="2024-05-23T01:06:40.084702" elapsed="0.003570"/>
</kw>
<status status="PASS" start="2024-05-23T01:06:40.080220" elapsed="0.008177"/>
</kw>
<var name="${index}">43</var>
<status status="PASS" start="2024-05-23T01:06:40.080102" elapsed="0.008370"/>
</iter>
<iter>
<kw name="I Add A New ToDo &quot;My ToDo Number ${index}&quot;" source_name="I Add A New ToDo &quot;${todo}&quot;">
<kw name="Fill Text" owner="Browser">
<msg time="2024-05-23T01:06:40.089229" level="INFO">Fills the text 'My ToDo Number 44' in the given field.</msg>
<arg>.new-todo</arg>
<arg>${todo}</arg>
<tag>PageContent</tag>
<tag>Setter</tag>
<doc>Clears and fills the given ``txt`` into the text field found by ``selector``.</doc>
<status status="PASS" start="2024-05-23T01:06:40.088955" elapsed="0.003817"/>
</kw>
<kw name="Press Keys" owner="Browser">
<arg>.new-todo</arg>
<arg>Enter</arg>
<tag>PageContent</tag>
<tag>Setter</tag>
<doc>Types the given key combination into element found by ``selector``.</doc>
<status status="PASS" start="2024-05-23T01:06:40.092922" elapsed="0.003144"/>
</kw>
<status status="PASS" start="2024-05-23T01:06:40.088720" elapsed="0.007448"/>
</kw>
<var name="${index}">44</var>
<status status="PASS" start="2024-05-23T01:06:40.088568" elapsed="0.007651"/>
</iter>
<iter>
<kw name="I Add A New ToDo &quot;My ToDo Number ${index}&quot;" source_name="I Add A New ToDo &quot;${todo}&quot;">
<kw name="Fill Text" owner="Browser">
<msg time="2024-05-23T01:06:40.096916" level="INFO">Fills the text 'My ToDo Number 45' in the given field.</msg>
<arg>.new-todo</arg>
<arg>${todo}</arg>
<tag>PageContent</tag>
<tag>Setter</tag>
<doc>Clears and fills the given ``txt`` into the text field found by ``selector``.</doc>
<status status="PASS" start="2024-05-23T01:06:40.096656" elapsed="0.003824"/>
</kw>
<kw name="Press Keys" owner="Browser">
<arg>.new-todo</arg>
<arg>Enter</arg>
<tag>PageContent</tag>
<tag>Setter</tag>
<doc>Types the given key combination into element found by ``selector``.</doc>
<status status="PASS" start="2024-05-23T01:06:40.100654" elapsed="0.003752"/>
</kw>
<status status="PASS" start="2024-05-23T01:06:40.096429" elapsed="0.008112"/>
</kw>
<var name="${index}">45</var>
<status status="PASS" start="2024-05-23T01:06:40.096309" elapsed="0.008291"/>
</iter>
<iter>
<kw name="I Add A New ToDo &quot;My ToDo Number ${index}&quot;" source_name="I Add A New ToDo &quot;${todo}&quot;">
<kw name="Fill Text" owner="Browser">
<msg time="2024-05-23T01:06:40.105421" level="INFO">Fills the text 'My ToDo Number 46' in the given field.</msg>
<arg>.new-todo</arg>
<arg>${todo}</arg>
<tag>PageContent</tag>
<tag>Setter</tag>
<doc>Clears and fills the given ``txt`` into the text field found by ``selector``.</doc>
<status status="PASS" start="2024-05-23T01:06:40.105114" elapsed="0.003843"/>
</kw>
<kw name="Press Keys" owner="Browser">
<arg>.new-todo</arg>
<arg>Enter</arg>
<tag>PageContent</tag>
<tag>Setter</tag>
<doc>Types the given key combination into element found by ``selector``.</doc>
<status status="PASS" start="2024-05-23T01:06:40.109109" elapsed="0.003203"/>
</kw>
<status status="PASS" start="2024-05-23T01:06:40.104872" elapsed="0.007548"/>
</kw>
<var name="${index}">46</var>
<status status="PASS" start="2024-05-23T01:06:40.104715" elapsed="0.007764"/>
</iter>
<iter>
<kw name="I Add A New ToDo &quot;My ToDo Number ${index}&quot;" source_name="I Add A New ToDo &quot;${todo}&quot;">
[...]
</kw>
<kw name="Press Keys" owner="Browser">
<arg>.new-todo</arg>
<arg>Enter</arg>
<tag>PageContent</tag>
<tag>Setter</tag>
<doc>Types the given key combination into element found by ``selector``.</doc>
<status status="PASS" start="2024-05-23T01:06:41.673503" elapsed="0.003220"/>
</kw>
<status status="PASS" start="2024-05-23T01:06:41.667769" elapsed="0.009070"/>
</kw>
<status status="PASS" start="2024-05-23T01:06:41.667271" elapsed="0.009615"/>
</iter>
<iter>
<kw name="Evaluate" owner="BuiltIn">
<msg time="2024-05-23T01:06:41.677251" level="INFO">${x} = 88</msg>
<var>${x}</var>
<arg>${x} + 1</arg>
<doc>Evaluates the given expression in Python and returns the result.</doc>
<status status="PASS" start="2024-05-23T01:06:41.677100" elapsed="0.000216"/>
</kw>
<kw name="I Add A New ToDo &quot;My ToDo Number ${x}&quot;" source_name="I Add A New ToDo &quot;${todo}&quot;">
<kw name="Fill Text" owner="Browser">
<msg time="2024-05-23T01:06:41.677843" level="INFO">Fills the text 'My ToDo Number 88' in the given field.</msg>
<arg>.new-todo</arg>
<arg>${todo}</arg>
<tag>PageContent</tag>
<tag>Setter</tag>
<doc>Clears and fills the given ``txt`` into the text field found by ``selector``.</doc>
<status status="PASS" start="2024-05-23T01:06:41.677617" elapsed="0.004174"/>
</kw>
<kw name="Press Keys" owner="Browser">
<arg>.new-todo</arg>
<arg>Enter</arg>
<tag>PageContent</tag>
<tag>Setter</tag>
<doc>Types the given key combination into element found by ``selector``.</doc>
<status status="PASS" start="2024-05-23T01:06:41.681944" elapsed="0.003137"/>
</kw>
<status status="PASS" start="2024-05-23T01:06:41.677425" elapsed="0.007738"/>
</kw>
<status status="PASS" start="2024-05-23T01:06:41.676915" elapsed="0.008292"/>
</iter>
<iter>
<kw name="Evaluate" owner="BuiltIn">
<msg time="2024-05-23T01:06:41.685551" level="INFO">${x} = 89</msg>
<var>${x}</var>
<arg>${x} + 1</arg>
<doc>Evaluates the given expression in Python and returns the result.</doc>
<status status="PASS" start="2024-05-23T01:06:41.685405" elapsed="0.000209"/>
</kw>
<kw name="I Add A New ToDo &quot;My ToDo Number ${x}&quot;" source_name="I Add A New ToDo &quot;${todo}&quot;">
<kw name="Fill Text" owner="Browser">
<msg time="2024-05-23T01:06:41.686173" level="INFO">Fills the text 'My ToDo Number 89' in the given field.</msg>
<arg>.new-todo</arg>
<arg>${todo}</arg>
<tag>PageContent</tag>
<tag>Setter</tag>
<doc>Clears and fills the given ``txt`` into the text field found by ``selector``.</doc>
<status status="PASS" start="2024-05-23T01:06:41.685937" elapsed="0.004822"/>
</kw>
<kw name="Press Keys" owner="Browser">
<arg>.new-todo</arg>
<arg>Enter</arg>
<tag>PageContent</tag>
<tag>Setter</tag>
<doc>Types the given key combination into element found by ``selector``.</doc>
<status status="PASS" start="2024-05-23T01:06:41.690919" elapsed="0.003144"/>
</kw>
<status status="PASS" start="2024-05-23T01:06:41.685720" elapsed="0.008437"/>
</kw>
<status status="PASS" start="2024-05-23T01:06:41.685236" elapsed="0.008968"/>
</iter>
<iter>
<kw name="Evaluate" owner="BuiltIn">
<msg time="2024-05-23T01:06:41.694564" level="INFO">${x} = 90</msg>
<var>${x}</var>
<arg>${x} + 1</arg>
<doc>Evaluates the given expression in Python and returns the result.</doc>
<status status="PASS" start="2024-05-23T01:06:41.694413" elapsed="0.000214"/>
</kw>
<kw name="I Add A New ToDo &quot;My ToDo Number ${x}&quot;" source_name="I Add A New ToDo &quot;${todo}&quot;">
<kw name="Fill Text" owner="Browser">
<msg time="2024-05-23T01:06:41.695155" level="INFO">Fills the text 'My ToDo Number 90' in the given field.</msg>
<arg>.new-todo</arg>
<arg>${todo}</arg>
<tag>PageContent</tag>
<tag>Setter</tag>
<doc>Clears and fills the given ``txt`` into the text field found by ``selector``.</doc>
<status status="PASS" start="2024-05-23T01:06:41.694929" elapsed="0.004287"/>
</kw>
<kw name="Press Keys" owner="Browser">
<arg>.new-todo</arg>
<arg>Enter</arg>
<tag>PageContent</tag>
<tag>Setter</tag>
<doc>Types the given key combination into element found by ``selector``.</doc>
<status status="PASS" start="2024-05-23T01:06:41.699388" elapsed="0.003119"/>
</kw>
<status status="PASS" start="2024-05-23T01:06:41.694735" elapsed="0.007914"/>
</kw>
<status status="PASS" start="2024-05-23T01:06:41.694234" elapsed="0.008471"/>
</iter>
<iter>
<kw name="Evaluate" owner="BuiltIn">
<msg time="2024-05-23T01:06:41.703151" level="INFO">${x} = 91</msg>
<var>${x}</var>
<arg>${x} + 1</arg>
<doc>Evaluates the given expression in Python and returns the result.</doc>
<status status="PASS" start="2024-05-23T01:06:41.702933" elapsed="0.000432"/>
</kw>
<kw name="I Add A New ToDo &quot;My ToDo Number ${x}&quot;" source_name="I Add A New ToDo &quot;${todo}&quot;">
<kw name="Fill Text" owner="Browser">
<msg time="2024-05-23T01:06:41.704103" level="INFO">Fills the text 'My ToDo Number 91' in the given field.</msg>
<arg>.new-todo</arg>
<arg>${todo}</arg>
<tag>PageContent</tag>
<tag>Setter</tag>
<doc>Clears and fills the given ``txt`` into the text field found by ``selector``.</doc>
<status status="PASS" start="2024-05-23T01:06:41.703840" elapsed="0.005002"/>
</kw>
<kw name="Press Keys" owner="Browser">
<arg>.new-todo</arg>
<arg>Enter</arg>
<tag>PageContent</tag>
<tag>Setter</tag>
<doc>Types the given key combination into element found by ``selector``.</doc>
<status status="PASS" start="2024-05-23T01:06:41.708971" elapsed="0.003139"/>
</kw>
<status status="PASS" start="2024-05-23T01:06:41.703543" elapsed="0.008706"/>
</kw>
<status status="PASS" start="2024-05-23T01:06:41.702737" elapsed="0.009575"/>
</iter>
<iter>
<kw name="Evaluate" owner="BuiltIn">
<msg time="2024-05-23T01:06:41.712663" level="INFO">${x} = 92</msg>
<var>${x}</var>
<arg>${x} + 1</arg>
<doc>Evaluates the given expression in Python and returns the result.</doc>
<status status="PASS" start="2024-05-23T01:06:41.712514" elapsed="0.000212"/>
</kw>
<kw name="I Add A New ToDo &quot;My ToDo Number ${x}&quot;" source_name="I Add A New ToDo &quot;${todo}&quot;">
<kw name="Fill Text" owner="Browser">
<msg time="2024-05-23T01:06:41.713247" level="INFO">Fills the text 'My ToDo Number 92' in the given field.</msg>
<arg>.new-todo</arg>
<arg>${todo}</arg>
<tag>PageContent</tag>
<tag>Setter</tag>
<doc>Clears and fills the given ``txt`` into the text field found by ``selector``.</doc>
<status status="PASS" start="2024-05-23T01:06:41.713023" elapsed="0.004668"/>
</kw>
<kw name="Press Keys" owner="Browser">
<arg>.new-todo</arg>
<arg>Enter</arg>
<tag>PageContent</tag>
<tag>Setter</tag>
<doc>Types the given key combination into element found by ``selector``.</doc>
<status status="PASS" start="2024-05-23T01:06:41.717844" elapsed="0.003642"/>
</kw>
<status status="PASS" start="2024-05-23T01:06:41.712832" elapsed="0.008772"/>
</kw>
<status status="PASS" start="2024-05-23T01:06:41.712342" elapsed="0.009310"/>
</iter>
<iter>
<kw name="Evaluate" owner="BuiltIn">
<msg time="2024-05-23T01:06:41.722083" level="INFO">${x} = 93</msg>
<var>${x}</var>
<arg>${x} + 1</arg>
<doc>Evaluates the given expression in Python and returns the result.</doc>
<status status="PASS" start="2024-05-23T01:06:41.721909" elapsed="0.000253"/>
</kw>
<kw name="I Add A New ToDo &quot;My ToDo Number ${x}&quot;" source_name="I Add A New ToDo &quot;${todo}&quot;">
<kw name="Fill Text" owner="Browser">
<msg time="2024-05-23T01:06:41.722828" level="INFO">Fills the text 'My ToDo Number 93' in the given field.</msg>
<arg>.new-todo</arg>
<arg>${todo}</arg>
<tag>PageContent</tag>
<tag>Setter</tag>
<doc>Clears and fills the given ``txt`` into the text field found by ``selector``.</doc>
<status status="PASS" start="2024-05-23T01:06:41.722504" elapsed="0.004482"/>
</kw>
<kw name="Press Keys" owner="Browser">
<arg>.new-todo</arg>
<arg>Enter</arg>
<tag>PageContent</tag>
<tag>Setter</tag>
<doc>Types the given key combination into element found by ``selector``.</doc>
<status status="PASS" start="2024-05-23T01:06:41.727113" elapsed="0.002994"/>
</kw>
<status status="PASS" start="2024-05-23T01:06:41.722275" elapsed="0.007922"/>
</kw>
<status status="PASS" start="2024-05-23T01:06:41.721682" elapsed="0.008562"/>
</iter>
<iter>
<kw name="Evaluate" owner="BuiltIn">
<msg time="2024-05-23T01:06:41.730584" level="INFO">${x} = 94</msg>
<var>${x}</var>
<arg>${x} + 1</arg>
<doc>Evaluates the given expression in Python and returns the result.</doc>
<status status="PASS" start="2024-05-23T01:06:41.730440" elapsed="0.000208"/>
</kw>
<kw name="I Add A New ToDo &quot;My ToDo Number ${x}&quot;" source_name="I Add A New ToDo &quot;${todo}&quot;">
<kw name="Fill Text" owner="Browser">
<msg time="2024-05-23T01:06:41.731187" level="INFO">Fills the text 'My ToDo Number 94' in the given field.</msg>
<arg>.new-todo</arg>
<arg>${todo}</arg>
<tag>PageContent</tag>
<tag>Setter</tag>
<doc>Clears and fills the given ``txt`` into the text field found by ``selector``.</doc>
<status status="PASS" start="2024-05-23T01:06:41.730953" elapsed="0.004675"/>
</kw>
<kw name="Press Keys" owner="Browser">
<arg>.new-todo</arg>
<arg>Enter</arg>
<tag>PageContent</tag>
<tag>Setter</tag>
<doc>Types the given key combination into element found by ``selector``.</doc>
<status status="PASS" start="2024-05-23T01:06:41.735763" elapsed="0.003622"/>
</kw>
<status status="PASS" start="2024-05-23T01:06:41.730756" elapsed="0.008744"/>
</kw>
<status status="PASS" start="2024-05-23T01:06:41.730273" elapsed="0.009272"/>
</iter>
<iter>
<kw name="Evaluate" owner="BuiltIn">
<msg time="2024-05-23T01:06:41.739914" level="INFO">${x} = 95</msg>
<var>${x}</var>
<arg>${x} + 1</arg>
<doc>Evaluates the given expression in Python and returns the result.</doc>
<status status="PASS" start="2024-05-23T01:06:41.739764" elapsed="0.000219"/>
</kw>
<kw name="I Add A New ToDo &quot;My ToDo Number ${x}&quot;" source_name="I Add A New ToDo &quot;${todo}&quot;">
<kw name="Fill Text" owner="Browser">
<msg time="2024-05-23T01:06:41.740569" level="INFO">Fills the text 'My ToDo Number 95' in the given field.</msg>
<arg>.new-todo</arg>
<arg>${todo}</arg>
<tag>PageContent</tag>
<tag>Setter</tag>
<doc>Clears and fills the given ``txt`` into the text field found by ``selector``.</doc>
<status status="PASS" start="2024-05-23T01:06:41.740310" elapsed="0.004366"/>
</kw>
<kw name="Press Keys" owner="Browser">
<arg>.new-todo</arg>
<arg>Enter</arg>
<tag>PageContent</tag>
<tag>Setter</tag>
<doc>Types the given key combination into element found by ``selector``.</doc>
<status status="PASS" start="2024-05-23T01:06:41.744802" elapsed="0.003125"/>
</kw>
<status status="PASS" start="2024-05-23T01:06:41.740099" elapsed="0.007912"/>
</kw>
<status status="PASS" start="2024-05-23T01:06:41.739575" elapsed="0.008481"/>
</iter>
<iter>
<kw name="Evaluate" owner="BuiltIn">
<msg time="2024-05-23T01:06:41.748408" level="INFO">${x} = 96</msg>
<var>${x}</var>
<arg>${x} + 1</arg>
<doc>Evaluates the given expression in Python and returns the result.</doc>
<status status="PASS" start="2024-05-23T01:06:41.748259" elapsed="0.000223"/>
</kw>
<kw name="I Add A New ToDo &quot;My ToDo Number ${x}&quot;" source_name="I Add A New ToDo &quot;${todo}&quot;">
<kw name="Fill Text" owner="Browser">
<msg time="2024-05-23T01:06:41.749017" level="INFO">Fills the text 'My ToDo Number 96' in the given field.</msg>
<arg>.new-todo</arg>
<arg>${todo}</arg>
<tag>PageContent</tag>
<tag>Setter</tag>
<doc>Clears and fills the given ``txt`` into the text field found by ``selector``.</doc>
<status status="PASS" start="2024-05-23T01:06:41.748791" elapsed="0.004282"/>
</kw>
<kw name="Press Keys" owner="Browser">
<arg>.new-todo</arg>
<arg>Enter</arg>
<tag>PageContent</tag>
<tag>Setter</tag>
<doc>Types the given key combination into element found by ``selector``.</doc>
<status status="PASS" start="2024-05-23T01:06:41.753422" elapsed="0.003498"/>
</kw>
<status status="PASS" start="2024-05-23T01:06:41.748592" elapsed="0.008417"/>
</kw>
<status status="PASS" start="2024-05-23T01:06:41.748085" elapsed="0.008969"/>
</iter>
<iter>
<kw name="Evaluate" owner="BuiltIn">
<msg time="2024-05-23T01:06:41.757401" level="INFO">${x} = 97</msg>
<var>${x}</var>
<arg>${x} + 1</arg>
<doc>Evaluates the given expression in Python and returns the result.</doc>
<status status="PASS" start="2024-05-23T01:06:41.757256" elapsed="0.000213"/>
</kw>
<kw name="I Add A New ToDo &quot;My ToDo Number ${x}&quot;" source_name="I Add A New ToDo &quot;${todo}&quot;">
<kw name="Fill Text" owner="Browser">
<msg time="2024-05-23T01:06:41.758012" level="INFO">Fills the text 'My ToDo Number 97' in the given field.</msg>
<arg>.new-todo</arg>
<arg>${todo}</arg>
<tag>PageContent</tag>
<tag>Setter</tag>
<doc>Clears and fills the given ``txt`` into the text field found by ``selector``.</doc>
<status status="PASS" start="2024-05-23T01:06:41.757776" elapsed="0.004487"/>
</kw>
<kw name="Press Keys" owner="Browser">
<arg>.new-todo</arg>
<arg>Enter</arg>
<tag>PageContent</tag>
<tag>Setter</tag>
<doc>Types the given key combination into element found by ``selector``.</doc>
<status status="PASS" start="2024-05-23T01:06:41.762435" elapsed="0.003399"/>
</kw>
<status status="PASS" start="2024-05-23T01:06:41.757577" elapsed="0.008356"/>
</kw>
<status status="PASS" start="2024-05-23T01:06:41.757083" elapsed="0.008897"/>
</iter>
<iter>
<kw name="Evaluate" owner="BuiltIn">
<msg time="2024-05-23T01:06:41.766347" level="INFO">${x} = 98</msg>
<var>${x}</var>
<arg>${x} + 1</arg>
<doc>Evaluates the given expression in Python and returns the result.</doc>
<status status="PASS" start="2024-05-23T01:06:41.766196" elapsed="0.000224"/>
</kw>
<kw name="I Add A New ToDo &quot;My ToDo Number ${x}&quot;" source_name="I Add A New ToDo &quot;${todo}&quot;">
<kw name="Fill Text" owner="Browser">
<msg time="2024-05-23T01:06:41.767262" level="INFO">Fills the text 'My ToDo Number 98' in the given field.</msg>
<arg>.new-todo</arg>
<arg>${todo}</arg>
<tag>PageContent</tag>
<tag>Setter</tag>
<doc>Clears and fills the given ``txt`` into the text field found by ``selector``.</doc>
<status status="PASS" start="2024-05-23T01:06:41.766953" elapsed="0.005447"/>
</kw>
<kw name="Press Keys" owner="Browser">
<arg>.new-todo</arg>
<arg>Enter</arg>
<tag>PageContent</tag>
<tag>Setter</tag>
<doc>Types the given key combination into element found by ``selector``.</doc>
<status status="PASS" start="2024-05-23T01:06:41.772570" elapsed="0.003328"/>
</kw>
<status status="PASS" start="2024-05-23T01:06:41.766649" elapsed="0.009348"/>
</kw>
<status status="PASS" start="2024-05-23T01:06:41.766010" elapsed="0.010036"/>
</iter>
<iter>
<kw name="Evaluate" owner="BuiltIn">
<msg time="2024-05-23T01:06:41.776416" level="INFO">${x} = 99</msg>
<var>${x}</var>
<arg>${x} + 1</arg>
<doc>Evaluates the given expression in Python and returns the result.</doc>
<status status="PASS" start="2024-05-23T01:06:41.776261" elapsed="0.000226"/>
</kw>
<kw name="I Add A New ToDo &quot;My ToDo Number ${x}&quot;" source_name="I Add A New ToDo &quot;${todo}&quot;">
<kw name="Fill Text" owner="Browser">
<msg time="2024-05-23T01:06:41.777039" level="INFO">Fills the text 'My ToDo Number 99' in the given field.</msg>
<arg>.new-todo</arg>
<arg>${todo}</arg>
<tag>PageContent</tag>
<tag>Setter</tag>
<doc>Clears and fills the given ``txt`` into the text field found by ``selector``.</doc>
<status status="PASS" start="2024-05-23T01:06:41.776807" elapsed="0.005422"/>
</kw>
<kw name="Press Keys" owner="Browser">
<arg>.new-todo</arg>
<arg>Enter</arg>
<tag>PageContent</tag>
<tag>Setter</tag>
<doc>Types the given key combination into element found by ``selector``.</doc>
<status status="PASS" start="2024-05-23T01:06:41.782618" elapsed="0.004622"/>
</kw>
<status status="PASS" start="2024-05-23T01:06:41.776596" elapsed="0.010771"/>
</kw>
<status status="PASS" start="2024-05-23T01:06:41.776076" elapsed="0.011342"/>
</iter>
<iter>
<kw name="Evaluate" owner="BuiltIn">
<msg time="2024-05-23T01:06:41.787856" level="INFO">${x} = 100</msg>
<var>${x}</var>
<arg>${x} + 1</arg>
<doc>Evaluates the given expression in Python and returns the result.</doc>
<status status="PASS" start="2024-05-23T01:06:41.787680" elapsed="0.000249"/>
</kw>
<kw name="I Add A New ToDo &quot;My ToDo Number ${x}&quot;" source_name="I Add A New ToDo &quot;${todo}&quot;">
<kw name="Fill Text" owner="Browser">
<msg time="2024-05-23T01:06:41.788615" level="INFO">Fills the text 'My ToDo Number 100' in the given field.</msg>
<arg>.new-todo</arg>
<arg>${todo}</arg>
<tag>PageContent</tag>
<tag>Setter</tag>
<doc>Clears and fills the given ``txt`` into the text field found by ``selector``.</doc>
<status status="PASS" start="2024-05-23T01:06:41.788318" elapsed="0.004972"/>
</kw>
<kw name="Press Keys" owner="Browser">
<arg>.new-todo</arg>
<arg>Enter</arg>
<tag>PageContent</tag>
<tag>Setter</tag>
<doc>Types the given key combination into element found by ``selector``.</doc>
<status status="PASS" start="2024-05-23T01:06:41.793466" elapsed="0.003207"/>
</kw>
<status status="PASS" start="2024-05-23T01:06:41.788065" elapsed="0.008698"/>
</kw>
<status status="PASS" start="2024-05-23T01:06:41.787449" elapsed="0.009361"/>
</iter>
<status status="PASS" start="2024-05-23T01:06:40.904484" elapsed="0.892438"/>
</while>
<status status="PASS" start="2024-05-23T01:06:40.903302" elapsed="0.893674"/>
</kw>
<kw name="Then Open ToDos should show &quot;100 items left!&quot;" source_name="Open ToDos should show &quot;${text}&quot;">
<kw name="Get Text" owner="Browser">
<msg time="2024-05-23T01:06:41.806914" level="INFO">Text: '100 items left!'</msg>
<arg>span.todo-count</arg>
<arg>==</arg>
<arg>${text}</arg>
<tag>Assertion</tag>
<tag>Getter</tag>
<tag>PageContent</tag>
<doc>Returns text attribute of the element found by ``selector``.</doc>
<status status="PASS" start="2024-05-23T01:06:41.797380" elapsed="0.009703"/>
</kw>
<status status="PASS" start="2024-05-23T01:06:41.797171" elapsed="0.010047"/>
</kw>
<kw name="Close Context" owner="Browser" type="TEARDOWN">
<msg time="2024-05-23T01:06:41.809164" level="INFO">Switching browser to CURRENT</msg>
<msg time="2024-05-23T01:06:41.810068" level="INFO">Returned active browser id. CURRENT</msg>
<msg time="2024-05-23T01:06:41.810162" level="INFO">Switching browser to browser=fd01b9b2-7461-4305-886b-5d8d41f920b2</msg>
<msg time="2024-05-23T01:06:41.811096" level="INFO">Successfully changed active browser: browser=fd01b9b2-7461-4305-886b-5d8d41f920b2</msg>
<msg time="2024-05-23T01:06:41.811187" level="INFO">Switching context to CURRENT in CURRENT</msg>
<msg time="2024-05-23T01:06:41.816802" level="INFO">Returned active context id: CURRENT</msg>
<msg time="2024-05-23T01:06:41.817265" level="INFO">Switching context to context=96f5d9e9-64b0-4f4c-a6e7-0c2a903697c3 in CURRENT</msg>
<msg time="2024-05-23T01:06:41.820386" level="INFO">Successfully changed active context: context=96f5d9e9-64b0-4f4c-a6e7-0c2a903697c3</msg>
<msg time="2024-05-23T01:06:41.831651" level="INFO">Successfully closed Context</msg>
<tag>BrowserControl</tag>
<tag>Setter</tag>
<doc>Closes a Context.</doc>
<status status="PASS" start="2024-05-23T01:06:41.807537" elapsed="0.024314"/>
</kw>
<status status="PASS" start="2024-05-23T01:06:40.636956" elapsed="1.195178"/>
</test>
<kw name="Close Browser" owner="Browser" type="TEARDOWN">
<msg time="2024-05-23T01:06:41.879198" level="INFO">Closed browser</msg>
<tag>BrowserControl</tag>
<tag>Setter</tag>
<doc>Closes the current browser.</doc>
<status status="PASS" start="2024-05-23T01:06:41.835285" elapsed="0.044159"/>
</kw>
<status status="PASS" start="2024-05-23T01:06:34.503892" elapsed="7.375675"/>
</suite>
<status status="PASS" start="2024-05-23T01:06:34.493246" elapsed="7.389997"/>
</suite>
<statistics>
<total>
<stat pass="7" fail="0" skip="0">All Tests</stat>
</total>
<tag>
<stat pass="2" fail="0" skip="0">Add ToDo</stat>
<stat pass="1" fail="0" skip="0">Mark ToDo</stat>
</tag>
<suite>
<stat pass="7" fail="0" skip="0" id="s1" name="6-Mfa">6-Mfa</stat>
<stat pass="7" fail="0" skip="0" id="s1-s1" name="4-Todomvc">6-Mfa.4-Todomvc</stat>
</suite>
</statistics>
<errors>
</errors>
</robot>
